"../../../Engine/Content/EditorResources/S_Actor.ubulk" 0
"../../../Engine/Content/EditorResources/S_Actor.uasset" 1
"../../../Engine/Content/EditorResources/S_Actor.uexp" 2
"../../../Engine/Content/EditorResources/S_BoxReflectionCapture.uasset" 3
"../../../Engine/Content/EditorResources/S_BoxReflectionCapture.uexp" 4
"../../../Engine/Content/EngineResources/DefaultTexture.ubulk" 5
"../../../Engine/Content/EngineResources/DefaultTexture.uasset" 6
"../../../Engine/Content/EngineResources/DefaultTexture.uexp" 7
"../../../Engine/Content/EngineResources/DefaultTextureCube.uasset" 8
"../../../Engine/Content/EngineResources/DefaultTextureCube.uexp" 9
"../../../Engine/Content/EngineResources/DefaultVolumeTexture2D.uasset" 10
"../../../Engine/Content/EngineResources/DefaultVolumeTexture2D.uexp" 11
"../../../Engine/Content/EngineResources/DefaultVolumeTexture.uasset" 12
"../../../Engine/Content/EngineResources/DefaultVolumeTexture.uexp" 13
"../../../Engine/Content/EditorResources/S_Trigger.ubulk" 14
"../../../Engine/Content/EditorResources/S_Trigger.uasset" 15
"../../../Engine/Content/EditorResources/S_Trigger.uexp" 16
"../../../Engine/Content/EditorResources/S_TriggerBox.uasset" 17
"../../../Engine/Content/EditorResources/S_TriggerBox.uexp" 18
"../../../Engine/Content/EditorResources/S_TriggerCapsule.uasset" 19
"../../../Engine/Content/EditorResources/S_TriggerCapsule.uexp" 20
"../../../Engine/Content/EditorResources/S_TriggerSphere.uasset" 21
"../../../Engine/Content/EditorResources/S_TriggerSphere.uexp" 22
"../../../Engine/Content/EngineMeshes/Sphere.ubulk" 23
"../../../Engine/Content/EngineMeshes/Sphere.uasset" 24
"../../../Engine/Content/EngineMeshes/Sphere.uexp" 25
"../../../Engine/Content/EngineResources/GradientTexture0.uasset" 26
"../../../Engine/Content/EngineResources/GradientTexture0.uexp" 27
"../../../Engine/Content/EngineResources/Black.uasset" 28
"../../../Engine/Content/EngineResources/Black.uexp" 29
"../../../Engine/Content/VREditor/LaserPointer/VR_LaserPower_01.ubulk" 30
"../../../Engine/Content/VREditor/LaserPointer/VR_LaserPower_01.uasset" 31
"../../../Engine/Content/VREditor/LaserPointer/VR_LaserPower_01.uexp" 32
"../../../Engine/Content/VREditor/TransformGizmo/TransformGizmoMaterial.uasset" 33
"../../../Engine/Content/VREditor/TransformGizmo/TransformGizmoMaterial.uexp" 34
"../../../Engine/Content/VREditor/TransformGizmo/TranslucentTransformGizmoMaterial.uasset" 35
"../../../Engine/Content/VREditor/TransformGizmo/TranslucentTransformGizmoMaterial.uexp" 36
"../../../Engine/Content/VREditor/TransformGizmo/PlaneTranslationHandle.ubulk" 37
"../../../Engine/Content/VREditor/TransformGizmo/PlaneTranslationHandle.uasset" 38
"../../../Engine/Content/VREditor/TransformGizmo/PlaneTranslationHandle.uexp" 39
"../../../Engine/Content/VREditor/TransformGizmo/BoundingBoxCorner.ubulk" 40
"../../../Engine/Content/VREditor/TransformGizmo/BoundingBoxCorner.uasset" 41
"../../../Engine/Content/VREditor/TransformGizmo/BoundingBoxCorner.uexp" 42
"../../../Engine/Content/VREditor/TransformGizmo/BoundingBoxEdge.ubulk" 43
"../../../Engine/Content/VREditor/TransformGizmo/BoundingBoxEdge.uasset" 44
"../../../Engine/Content/VREditor/TransformGizmo/BoundingBoxEdge.uexp" 45
"../../../Engine/Content/VREditor/TransformGizmo/Main.uasset" 46
"../../../Engine/Content/VREditor/TransformGizmo/Main.uexp" 47
"../../../Engine/Content/VREditor/TransformGizmo/Xray.uasset" 48
"../../../Engine/Content/VREditor/TransformGizmo/Xray.uexp" 49
"../../../Engine/Content/VREditor/TransformGizmo/SM_Sequencer_Node.ubulk" 50
"../../../Engine/Content/VREditor/TransformGizmo/SM_Sequencer_Node.uasset" 51
"../../../Engine/Content/VREditor/TransformGizmo/SM_Sequencer_Node.uexp" 52
"../../../Engine/Content/EditorMaterials/Camera/CineMat.uasset" 53
"../../../Engine/Content/EditorMaterials/Camera/CineMat.uexp" 54
"../../../Engine/Content/EditorMaterials/Camera/MI_CineMat_Rig.uasset" 55
"../../../Engine/Content/EditorMaterials/Camera/MI_CineMat_Rig.uexp" 56
"../../../Engine/Content/EditorMeshes/Camera/SM_CraneRig_Base.ubulk" 57
"../../../Engine/Content/EditorMeshes/Camera/SM_CraneRig_Base.uasset" 58
"../../../Engine/Content/EditorMeshes/Camera/SM_CraneRig_Base.uexp" 59
"../../../Engine/Content/EditorMeshes/Camera/SM_CraneRig_Arm.ubulk" 60
"../../../Engine/Content/EditorMeshes/Camera/SM_CraneRig_Arm.uasset" 61
"../../../Engine/Content/EditorMeshes/Camera/SM_CraneRig_Arm.uexp" 62
"../../../Engine/Content/EditorMeshes/Camera/SM_CraneRig_Mount.ubulk" 63
"../../../Engine/Content/EditorMeshes/Camera/SM_CraneRig_Mount.uasset" 64
"../../../Engine/Content/EditorMeshes/Camera/SM_CraneRig_Mount.uexp" 65
"../../../Engine/Content/EditorMeshes/Camera/SM_CraneRig_Body.ubulk" 66
"../../../Engine/Content/EditorMeshes/Camera/SM_CraneRig_Body.uasset" 67
"../../../Engine/Content/EditorMeshes/Camera/SM_CraneRig_Body.uexp" 68
"../../../Engine/Content/EditorMeshes/Camera/SM_RailRig_Track.ubulk" 69
"../../../Engine/Content/EditorMeshes/Camera/SM_RailRig_Track.uasset" 70
"../../../Engine/Content/EditorMeshes/Camera/SM_RailRig_Track.uexp" 71
"../../../Engine/Content/EditorMeshes/Camera/SM_RailRig_Mount.ubulk" 72
"../../../Engine/Content/EditorMeshes/Camera/SM_RailRig_Mount.uasset" 73
"../../../Engine/Content/EditorMeshes/Camera/SM_RailRig_Mount.uexp" 74
"../../../Engine/Content/EngineMaterials/T_Default_Material_Grid_M.ubulk" 75
"../../../Engine/Content/EngineMaterials/T_Default_Material_Grid_M.uasset" 76
"../../../Engine/Content/EngineMaterials/T_Default_Material_Grid_M.uexp" 77
"../../../Engine/Content/EngineMaterials/T_Default_Material_Grid_N.ubulk" 78
"../../../Engine/Content/EngineMaterials/T_Default_Material_Grid_N.uasset" 79
"../../../Engine/Content/EngineMaterials/T_Default_Material_Grid_N.uexp" 80
"../../../Engine/Content/Functions/Engine_MaterialFunctions01/Opacity/CameraDepthFade.uasset" 81
"../../../Engine/Content/Functions/Engine_MaterialFunctions01/Opacity/CameraDepthFade.uexp" 82
"../../../Engine/Content/EngineMaterials/WorldGridMaterial.uasset" 83
"../../../Engine/Content/EngineMaterials/WorldGridMaterial.uexp" 84
"../../../Engine/Content/ArtTools/RenderToTexture/Meshes/S_1_Unit_Plane.ubulk" 85
"../../../Engine/Content/ArtTools/RenderToTexture/Meshes/S_1_Unit_Plane.uasset" 86
"../../../Engine/Content/ArtTools/RenderToTexture/Meshes/S_1_Unit_Plane.uexp" 87
"../../../Engine/Content/EditorMaterials/ParticleSystems/PSysThumbnail_NoImage.ubulk" 88
"../../../Engine/Content/EditorMaterials/ParticleSystems/PSysThumbnail_NoImage.uasset" 89
"../../../Engine/Content/EditorMaterials/ParticleSystems/PSysThumbnail_NoImage.uexp" 90
"../../../Engine/Content/EditorMaterials/ParticleSystems/PSysThumbnail_OOD.ubulk" 91
"../../../Engine/Content/EditorMaterials/ParticleSystems/PSysThumbnail_OOD.uasset" 92
"../../../Engine/Content/EditorMaterials/ParticleSystems/PSysThumbnail_OOD.uexp" 93
"../../../Engine/Content/EditorLandscapeResources/SplineEditorMeshMat.uasset" 94
"../../../Engine/Content/EditorLandscapeResources/SplineEditorMeshMat.uexp" 95
"../../../Engine/Content/EditorLandscapeResources/SplineEditorMesh.ubulk" 96
"../../../Engine/Content/EditorLandscapeResources/SplineEditorMesh.uasset" 97
"../../../Engine/Content/EditorLandscapeResources/SplineEditorMesh.uexp" 98
"../../../Engine/Content/EditorResources/S_Solver.ubulk" 99
"../../../Engine/Content/EditorResources/S_Solver.uasset" 100
"../../../Engine/Content/EditorResources/S_Solver.uexp" 101
"../../../Engine/Plugins/Media/MediaPlate/Content/SM_MediaPlateScreen.ubulk" 102
"../../../Engine/Plugins/Media/MediaPlate/Content/SM_MediaPlateScreen.uasset" 103
"../../../Engine/Plugins/Media/MediaPlate/Content/SM_MediaPlateScreen.uexp" 104
"../../../Engine/Content/EngineMaterials/Good64x64TilingNoiseHighFreq.uasset" 105
"../../../Engine/Content/EngineMaterials/Good64x64TilingNoiseHighFreq.uexp" 106
"../../../Engine/Content/EngineMaterials/DefaultBokeh.uasset" 107
"../../../Engine/Content/EngineMaterials/DefaultBokeh.uexp" 108
"../../../Engine/Content/EngineMaterials/PreintegratedSkinBRDF.uasset" 109
"../../../Engine/Content/EngineMaterials/PreintegratedSkinBRDF.uexp" 110
"../../../Engine/Content/EngineMaterials/MiniFont.uasset" 111
"../../../Engine/Content/EngineMaterials/MiniFont.uexp" 112
"../../../Engine/Content/EngineMaterials/WeightMapPlaceholderTexture.uasset" 113
"../../../Engine/Content/EngineMaterials/WeightMapPlaceholderTexture.uexp" 114
"../../../Engine/Content/EngineMaterials/DefaultWhiteGrid.ubulk" 115
"../../../Engine/Content/EngineMaterials/DefaultWhiteGrid.uasset" 116
"../../../Engine/Content/EngineMaterials/DefaultWhiteGrid.uexp" 117
"C:/Users/UPGRK/Documents/Unreal Projects/TopDown2D - Copy/Content/BGM.ubulk" 118
"C:/Users/UPGRK/Documents/Unreal Projects/TopDown2D - Copy/Content/BGM.uasset" 119
"C:/Users/UPGRK/Documents/Unreal Projects/TopDown2D - Copy/Content/BGM.uexp" 120
"C:/Users/UPGRK/Documents/Unreal Projects/TopDown2D - Copy/Content/Input/IA_Interact.uasset" 121
"C:/Users/UPGRK/Documents/Unreal Projects/TopDown2D - Copy/Content/Input/IA_Interact.uexp" 122
"C:/Users/UPGRK/Documents/Unreal Projects/TopDown2D - Copy/Content/NPC/BPinterface.uasset" 123
"C:/Users/UPGRK/Documents/Unreal Projects/TopDown2D - Copy/Content/NPC/BPinterface.uexp" 124
"C:/Users/UPGRK/Documents/Unreal Projects/TopDown2D - Copy/Content/Input/IA_Move.uasset" 125
"C:/Users/UPGRK/Documents/Unreal Projects/TopDown2D - Copy/Content/Input/IA_Move.uexp" 126
"C:/Users/UPGRK/Documents/Unreal Projects/TopDown2D - Copy/Content/Input/IA_Pausegame.uasset" 127
"C:/Users/UPGRK/Documents/Unreal Projects/TopDown2D - Copy/Content/Input/IA_Pausegame.uexp" 128
"C:/Users/UPGRK/Documents/Unreal Projects/TopDown2D - Copy/Content/Input/IMC_TopDown.uasset" 129
"C:/Users/UPGRK/Documents/Unreal Projects/TopDown2D - Copy/Content/Input/IMC_TopDown.uexp" 130
"C:/Users/UPGRK/Documents/Unreal Projects/TopDown2D - Copy/Content/Map/BG/back.uasset" 131
"C:/Users/UPGRK/Documents/Unreal Projects/TopDown2D - Copy/Content/Map/BG/back.uexp" 132
"C:/Users/UPGRK/Documents/Unreal Projects/TopDown2D - Copy/Content/UI/MI_SFX_24.ubulk" 133
"C:/Users/UPGRK/Documents/Unreal Projects/TopDown2D - Copy/Content/UI/MI_SFX_24.uasset" 134
"C:/Users/UPGRK/Documents/Unreal Projects/TopDown2D - Copy/Content/UI/MI_SFX_24.uexp" 135
"C:/Users/UPGRK/Documents/Unreal Projects/TopDown2D - Copy/Content/UI/MI_SFX_25.ubulk" 136
"C:/Users/UPGRK/Documents/Unreal Projects/TopDown2D - Copy/Content/UI/MI_SFX_25.uasset" 137
"C:/Users/UPGRK/Documents/Unreal Projects/TopDown2D - Copy/Content/UI/MI_SFX_25.uexp" 138
"C:/Users/UPGRK/Documents/Unreal Projects/TopDown2D - Copy/Content/retropix.uexp" 139
"C:/Users/UPGRK/Documents/Unreal Projects/TopDown2D - Copy/Content/retropix.uasset" 140
"C:/Users/UPGRK/Documents/Unreal Projects/TopDown2D - Copy/Content/retropix.ufont" 141
"C:/Users/UPGRK/Documents/Unreal Projects/TopDown2D - Copy/Content/retropix_Font.uasset" 142
"C:/Users/UPGRK/Documents/Unreal Projects/TopDown2D - Copy/Content/retropix_Font.uexp" 143
"C:/Users/UPGRK/Documents/Unreal Projects/TopDown2D - Copy/Content/UI/level_1.uasset" 144
"C:/Users/UPGRK/Documents/Unreal Projects/TopDown2D - Copy/Content/UI/level_1.uexp" 145
"C:/Users/UPGRK/Documents/Unreal Projects/TopDown2D - Copy/Content/UI/level_2.uasset" 146
"C:/Users/UPGRK/Documents/Unreal Projects/TopDown2D - Copy/Content/UI/level_2.uexp" 147
"C:/Users/UPGRK/Documents/Unreal Projects/TopDown2D - Copy/Content/UI/level_3.uasset" 148
"C:/Users/UPGRK/Documents/Unreal Projects/TopDown2D - Copy/Content/UI/level_3.uexp" 149
"C:/Users/UPGRK/Documents/Unreal Projects/TopDown2D - Copy/Content/UI/LevelMenu.uasset" 150
"C:/Users/UPGRK/Documents/Unreal Projects/TopDown2D - Copy/Content/UI/LevelMenu.uexp" 151
"C:/Users/UPGRK/Documents/Unreal Projects/TopDown2D - Copy/Content/UI/gameover.uasset" 152
"C:/Users/UPGRK/Documents/Unreal Projects/TopDown2D - Copy/Content/UI/gameover.uexp" 153
"C:/Users/UPGRK/Documents/Unreal Projects/TopDown2D - Copy/Content/UI/WB_pausemenu.uasset" 154
"C:/Users/UPGRK/Documents/Unreal Projects/TopDown2D - Copy/Content/UI/WB_pausemenu.uexp" 155
"../../../Engine/Content/EditorBlueprintResources/StandardMacros.uasset" 156
"../../../Engine/Content/EditorBlueprintResources/StandardMacros.uexp" 157
"C:/Users/UPGRK/Documents/Unreal Projects/TopDown2D - Copy/Content/AS_TopDownChar.uasset" 158
"C:/Users/UPGRK/Documents/Unreal Projects/TopDown2D - Copy/Content/AS_TopDownChar.uexp" 159
"C:/Users/UPGRK/Documents/Unreal Projects/TopDown2D - Copy/Content/Chara/Sprites/T_red.uasset" 160
"C:/Users/UPGRK/Documents/Unreal Projects/TopDown2D - Copy/Content/Chara/Sprites/T_red.uexp" 161
"C:/Users/UPGRK/Documents/Unreal Projects/TopDown2D - Copy/Content/Chara/Sprites/UpR/T_red_Sprite_1.uasset" 162
"C:/Users/UPGRK/Documents/Unreal Projects/TopDown2D - Copy/Content/Chara/Sprites/UpR/T_red_Sprite_1.uexp" 163
"C:/Users/UPGRK/Documents/Unreal Projects/TopDown2D - Copy/Content/Chara/Sprites/UpR/T_red_Sprite_17.uasset" 164
"C:/Users/UPGRK/Documents/Unreal Projects/TopDown2D - Copy/Content/Chara/Sprites/UpR/T_red_Sprite_17.uexp" 165
"C:/Users/UPGRK/Documents/Unreal Projects/TopDown2D - Copy/Content/Chara/Sprites/UpR/UpR-walk.uasset" 166
"C:/Users/UPGRK/Documents/Unreal Projects/TopDown2D - Copy/Content/Chara/Sprites/UpR/UpR-walk.uexp" 167
"C:/Users/UPGRK/Documents/Unreal Projects/TopDown2D - Copy/Content/Chara/Sprites/UPL/T_red_Sprite_7.uasset" 168
"C:/Users/UPGRK/Documents/Unreal Projects/TopDown2D - Copy/Content/Chara/Sprites/UPL/T_red_Sprite_7.uexp" 169
"C:/Users/UPGRK/Documents/Unreal Projects/TopDown2D - Copy/Content/Chara/Sprites/UPL/T_red_Sprite_23.uasset" 170
"C:/Users/UPGRK/Documents/Unreal Projects/TopDown2D - Copy/Content/Chara/Sprites/UPL/T_red_Sprite_23.uexp" 171
"C:/Users/UPGRK/Documents/Unreal Projects/TopDown2D - Copy/Content/Chara/Sprites/UPL/UpL-walk.uasset" 172
"C:/Users/UPGRK/Documents/Unreal Projects/TopDown2D - Copy/Content/Chara/Sprites/UPL/UpL-walk.uexp" 173
"C:/Users/UPGRK/Documents/Unreal Projects/TopDown2D - Copy/Content/Chara/Sprites/Up/T_red_Sprite_0.uasset" 174
"C:/Users/UPGRK/Documents/Unreal Projects/TopDown2D - Copy/Content/Chara/Sprites/Up/T_red_Sprite_0.uexp" 175
"C:/Users/UPGRK/Documents/Unreal Projects/TopDown2D - Copy/Content/Chara/Sprites/Up/T_red_Sprite_16.uasset" 176
"C:/Users/UPGRK/Documents/Unreal Projects/TopDown2D - Copy/Content/Chara/Sprites/Up/T_red_Sprite_16.uexp" 177
"C:/Users/UPGRK/Documents/Unreal Projects/TopDown2D - Copy/Content/Chara/Sprites/Up/Up-walk.uasset" 178
"C:/Users/UPGRK/Documents/Unreal Projects/TopDown2D - Copy/Content/Chara/Sprites/Up/Up-walk.uexp" 179
"C:/Users/UPGRK/Documents/Unreal Projects/TopDown2D - Copy/Content/Chara/Sprites/R/T_red_Sprite_2.uasset" 180
"C:/Users/UPGRK/Documents/Unreal Projects/TopDown2D - Copy/Content/Chara/Sprites/R/T_red_Sprite_2.uexp" 181
"C:/Users/UPGRK/Documents/Unreal Projects/TopDown2D - Copy/Content/Chara/Sprites/R/T_red_Sprite_18.uasset" 182
"C:/Users/UPGRK/Documents/Unreal Projects/TopDown2D - Copy/Content/Chara/Sprites/R/T_red_Sprite_18.uexp" 183
"C:/Users/UPGRK/Documents/Unreal Projects/TopDown2D - Copy/Content/Chara/Sprites/R/R-walk.uasset" 184
"C:/Users/UPGRK/Documents/Unreal Projects/TopDown2D - Copy/Content/Chara/Sprites/R/R-walk.uexp" 185
"C:/Users/UPGRK/Documents/Unreal Projects/TopDown2D - Copy/Content/Chara/Sprites/L/T_red_Sprite_6.uasset" 186
"C:/Users/UPGRK/Documents/Unreal Projects/TopDown2D - Copy/Content/Chara/Sprites/L/T_red_Sprite_6.uexp" 187
"C:/Users/UPGRK/Documents/Unreal Projects/TopDown2D - Copy/Content/Chara/Sprites/L/T_red_Sprite_22.uasset" 188
"C:/Users/UPGRK/Documents/Unreal Projects/TopDown2D - Copy/Content/Chara/Sprites/L/T_red_Sprite_22.uexp" 189
"C:/Users/UPGRK/Documents/Unreal Projects/TopDown2D - Copy/Content/Chara/Sprites/L/L_walk.uasset" 190
"C:/Users/UPGRK/Documents/Unreal Projects/TopDown2D - Copy/Content/Chara/Sprites/L/L_walk.uexp" 191
"C:/Users/UPGRK/Documents/Unreal Projects/TopDown2D - Copy/Content/Chara/Sprites/DownR/T_red_Sprite_3.uasset" 192
"C:/Users/UPGRK/Documents/Unreal Projects/TopDown2D - Copy/Content/Chara/Sprites/DownR/T_red_Sprite_3.uexp" 193
"C:/Users/UPGRK/Documents/Unreal Projects/TopDown2D - Copy/Content/Chara/Sprites/DownR/T_red_Sprite_19.uasset" 194
"C:/Users/UPGRK/Documents/Unreal Projects/TopDown2D - Copy/Content/Chara/Sprites/DownR/T_red_Sprite_19.uexp" 195
"C:/Users/UPGRK/Documents/Unreal Projects/TopDown2D - Copy/Content/Chara/Sprites/DownR/DownR_walk.uasset" 196
"C:/Users/UPGRK/Documents/Unreal Projects/TopDown2D - Copy/Content/Chara/Sprites/DownR/DownR_walk.uexp" 197
"C:/Users/UPGRK/Documents/Unreal Projects/TopDown2D - Copy/Content/Chara/Sprites/DownL/T_red_Sprite_5.uasset" 198
"C:/Users/UPGRK/Documents/Unreal Projects/TopDown2D - Copy/Content/Chara/Sprites/DownL/T_red_Sprite_5.uexp" 199
"C:/Users/UPGRK/Documents/Unreal Projects/TopDown2D - Copy/Content/Chara/Sprites/DownL/T_red_Sprite_21.uasset" 200
"C:/Users/UPGRK/Documents/Unreal Projects/TopDown2D - Copy/Content/Chara/Sprites/DownL/T_red_Sprite_21.uexp" 201
"C:/Users/UPGRK/Documents/Unreal Projects/TopDown2D - Copy/Content/Chara/Sprites/DownL/DownL_walk.uasset" 202
"C:/Users/UPGRK/Documents/Unreal Projects/TopDown2D - Copy/Content/Chara/Sprites/DownL/DownL_walk.uexp" 203
"C:/Users/UPGRK/Documents/Unreal Projects/TopDown2D - Copy/Content/Chara/Sprites/Down/T_red_Sprite_4.uasset" 204
"C:/Users/UPGRK/Documents/Unreal Projects/TopDown2D - Copy/Content/Chara/Sprites/Down/T_red_Sprite_4.uexp" 205
"C:/Users/UPGRK/Documents/Unreal Projects/TopDown2D - Copy/Content/Chara/Sprites/Down/T_red_Sprite_20.uasset" 206
"C:/Users/UPGRK/Documents/Unreal Projects/TopDown2D - Copy/Content/Chara/Sprites/Down/T_red_Sprite_20.uexp" 207
"C:/Users/UPGRK/Documents/Unreal Projects/TopDown2D - Copy/Content/Chara/Sprites/Down/Down_walk.uasset" 208
"C:/Users/UPGRK/Documents/Unreal Projects/TopDown2D - Copy/Content/Chara/Sprites/Down/Down_walk.uexp" 209
"C:/Users/UPGRK/Documents/Unreal Projects/TopDown2D - Copy/Content/AnimSequences/Walk.uasset" 210
"C:/Users/UPGRK/Documents/Unreal Projects/TopDown2D - Copy/Content/AnimSequences/Walk.uexp" 211
"C:/Users/UPGRK/Documents/Unreal Projects/TopDown2D - Copy/Content/Chara/Sprites/UpR/T_red_Sprite_9.uasset" 212
"C:/Users/UPGRK/Documents/Unreal Projects/TopDown2D - Copy/Content/Chara/Sprites/UpR/T_red_Sprite_9.uexp" 213
"C:/Users/UPGRK/Documents/Unreal Projects/TopDown2D - Copy/Content/Chara/Sprites/UpR/UpR-idle.uasset" 214
"C:/Users/UPGRK/Documents/Unreal Projects/TopDown2D - Copy/Content/Chara/Sprites/UpR/UpR-idle.uexp" 215
"C:/Users/UPGRK/Documents/Unreal Projects/TopDown2D - Copy/Content/Chara/Sprites/UPL/T_red_Sprite_15.uasset" 216
"C:/Users/UPGRK/Documents/Unreal Projects/TopDown2D - Copy/Content/Chara/Sprites/UPL/T_red_Sprite_15.uexp" 217
"C:/Users/UPGRK/Documents/Unreal Projects/TopDown2D - Copy/Content/Chara/Sprites/UPL/UpL-idle.uasset" 218
"C:/Users/UPGRK/Documents/Unreal Projects/TopDown2D - Copy/Content/Chara/Sprites/UPL/UpL-idle.uexp" 219
"C:/Users/UPGRK/Documents/Unreal Projects/TopDown2D - Copy/Content/Chara/Sprites/Up/T_red_Sprite_8.uasset" 220
"C:/Users/UPGRK/Documents/Unreal Projects/TopDown2D - Copy/Content/Chara/Sprites/Up/T_red_Sprite_8.uexp" 221
"C:/Users/UPGRK/Documents/Unreal Projects/TopDown2D - Copy/Content/Chara/Sprites/Up/Up-idle.uasset" 222
"C:/Users/UPGRK/Documents/Unreal Projects/TopDown2D - Copy/Content/Chara/Sprites/Up/Up-idle.uexp" 223
"C:/Users/UPGRK/Documents/Unreal Projects/TopDown2D - Copy/Content/Chara/Sprites/R/T_red_Sprite_10.uasset" 224
"C:/Users/UPGRK/Documents/Unreal Projects/TopDown2D - Copy/Content/Chara/Sprites/R/T_red_Sprite_10.uexp" 225
"C:/Users/UPGRK/Documents/Unreal Projects/TopDown2D - Copy/Content/Chara/Sprites/R/R-idle.uasset" 226
"C:/Users/UPGRK/Documents/Unreal Projects/TopDown2D - Copy/Content/Chara/Sprites/R/R-idle.uexp" 227
"C:/Users/UPGRK/Documents/Unreal Projects/TopDown2D - Copy/Content/Chara/Sprites/L/T_red_Sprite_14.uasset" 228
"C:/Users/UPGRK/Documents/Unreal Projects/TopDown2D - Copy/Content/Chara/Sprites/L/T_red_Sprite_14.uexp" 229
"C:/Users/UPGRK/Documents/Unreal Projects/TopDown2D - Copy/Content/Chara/Sprites/L/L_idle.uasset" 230
"C:/Users/UPGRK/Documents/Unreal Projects/TopDown2D - Copy/Content/Chara/Sprites/L/L_idle.uexp" 231
"C:/Users/UPGRK/Documents/Unreal Projects/TopDown2D - Copy/Content/Chara/Sprites/DownR/T_red_Sprite_11.uasset" 232
"C:/Users/UPGRK/Documents/Unreal Projects/TopDown2D - Copy/Content/Chara/Sprites/DownR/T_red_Sprite_11.uexp" 233
"C:/Users/UPGRK/Documents/Unreal Projects/TopDown2D - Copy/Content/Chara/Sprites/DownR/DownR_idle.uasset" 234
"C:/Users/UPGRK/Documents/Unreal Projects/TopDown2D - Copy/Content/Chara/Sprites/DownR/DownR_idle.uexp" 235
"C:/Users/UPGRK/Documents/Unreal Projects/TopDown2D - Copy/Content/Chara/Sprites/DownL/T_red_Sprite_13.uasset" 236
"C:/Users/UPGRK/Documents/Unreal Projects/TopDown2D - Copy/Content/Chara/Sprites/DownL/T_red_Sprite_13.uexp" 237
"C:/Users/UPGRK/Documents/Unreal Projects/TopDown2D - Copy/Content/Chara/Sprites/DownL/DownL_idle.uasset" 238
"C:/Users/UPGRK/Documents/Unreal Projects/TopDown2D - Copy/Content/Chara/Sprites/DownL/DownL_idle.uexp" 239
"C:/Users/UPGRK/Documents/Unreal Projects/TopDown2D - Copy/Content/Chara/Sprites/Down/T_red_Sprite_12.uasset" 240
"C:/Users/UPGRK/Documents/Unreal Projects/TopDown2D - Copy/Content/Chara/Sprites/Down/T_red_Sprite_12.uexp" 241
"C:/Users/UPGRK/Documents/Unreal Projects/TopDown2D - Copy/Content/Chara/Sprites/Down/Down_idle.uasset" 242
"C:/Users/UPGRK/Documents/Unreal Projects/TopDown2D - Copy/Content/Chara/Sprites/Down/Down_idle.uexp" 243
"C:/Users/UPGRK/Documents/Unreal Projects/TopDown2D - Copy/Content/AnimSequences/Idle.uasset" 244
"C:/Users/UPGRK/Documents/Unreal Projects/TopDown2D - Copy/Content/AnimSequences/Idle.uexp" 245
"C:/Users/UPGRK/Documents/Unreal Projects/TopDown2D - Copy/Content/ABP_TopDownChar.uasset" 246
"C:/Users/UPGRK/Documents/Unreal Projects/TopDown2D - Copy/Content/ABP_TopDownChar.uexp" 247
"C:/Users/UPGRK/Documents/Unreal Projects/TopDown2D - Copy/Content/NPC/Textbg.uasset" 248
"C:/Users/UPGRK/Documents/Unreal Projects/TopDown2D - Copy/Content/NPC/Textbg.uexp" 249
"C:/Users/UPGRK/Documents/Unreal Projects/TopDown2D - Copy/Content/NPC/WBdialogue.uasset" 250
"C:/Users/UPGRK/Documents/Unreal Projects/TopDown2D - Copy/Content/NPC/WBdialogue.uexp" 251
"C:/Users/UPGRK/Documents/Unreal Projects/TopDown2D - Copy/Content/NPC/WBinteractPrompt.uasset" 252
"C:/Users/UPGRK/Documents/Unreal Projects/TopDown2D - Copy/Content/NPC/WBinteractPrompt.uexp" 253
"C:/Users/UPGRK/Documents/Unreal Projects/TopDown2D - Copy/Content/Map/npc1.uasset" 254
"C:/Users/UPGRK/Documents/Unreal Projects/TopDown2D - Copy/Content/Map/npc1.uexp" 255
"C:/Users/UPGRK/Documents/Unreal Projects/TopDown2D - Copy/Content/Map/npc1_Sprite.uasset" 256
"C:/Users/UPGRK/Documents/Unreal Projects/TopDown2D - Copy/Content/Map/npc1_Sprite.uexp" 257
"C:/Users/UPGRK/Documents/Unreal Projects/TopDown2D - Copy/Content/Map/NPC_Idle.uasset" 258
"C:/Users/UPGRK/Documents/Unreal Projects/TopDown2D - Copy/Content/Map/NPC_Idle.uexp" 259
"C:/Users/UPGRK/Documents/Unreal Projects/TopDown2D - Copy/Content/NPC/BP_NPC.uasset" 260
"C:/Users/UPGRK/Documents/Unreal Projects/TopDown2D - Copy/Content/NPC/BP_NPC.uexp" 261
"C:/Users/UPGRK/Documents/Unreal Projects/TopDown2D - Copy/Content/BP_TopDownChar.uasset" 262
"C:/Users/UPGRK/Documents/Unreal Projects/TopDown2D - Copy/Content/BP_TopDownChar.uexp" 263
"C:/Users/UPGRK/Documents/Unreal Projects/TopDown2D - Copy/Content/GM_Base.uasset" 264
"C:/Users/UPGRK/Documents/Unreal Projects/TopDown2D - Copy/Content/GM_Base.uexp" 265
"../../../Engine/Content/Functions/Engine_MaterialFunctions02/WorldPositionOffset/CameraOffset.uasset" 266
"../../../Engine/Content/Functions/Engine_MaterialFunctions02/WorldPositionOffset/CameraOffset.uexp" 267
"../../../Engine/Plugins/Animation/ControlRig/Content/M_Manip.uasset" 268
"../../../Engine/Plugins/Animation/ControlRig/Content/M_Manip.uexp" 269
"../../../Engine/Plugins/2D/Paper2D/Content/PlaceholderTextures/DummySpriteTexture.ubulk" 270
"../../../Engine/Plugins/2D/Paper2D/Content/PlaceholderTextures/DummySpriteTexture.uasset" 271
"../../../Engine/Plugins/2D/Paper2D/Content/PlaceholderTextures/DummySpriteTexture.uexp" 272
"../../../Engine/Plugins/2D/Paper2D/Content/DefaultSpriteMaterial.uasset" 273
"../../../Engine/Plugins/2D/Paper2D/Content/DefaultSpriteMaterial.uexp" 274
"../../../Engine/Plugins/2D/Paper2D/Content/OpaqueUnlitSpriteMaterial.uasset" 275
"../../../Engine/Plugins/2D/Paper2D/Content/OpaqueUnlitSpriteMaterial.uexp" 276
"../../../Engine/Plugins/2D/Paper2D/Content/MaskedUnlitSpriteMaterial.uasset" 277
"../../../Engine/Plugins/2D/Paper2D/Content/MaskedUnlitSpriteMaterial.uexp" 278
"../../../Engine/Plugins/2D/Paper2D/Content/DummySprite.uasset" 279
"../../../Engine/Plugins/2D/Paper2D/Content/DummySprite.uexp" 280
"../../../Engine/Plugins/2D/Paper2D/Content/DefaultPaperTerrainMaterial.uasset" 281
"../../../Engine/Plugins/2D/Paper2D/Content/DefaultPaperTerrainMaterial.uexp" 282
"../../../Engine/Plugins/Animation/ControlRig/Content/Controls/DefaultGizmoLibraryNormalized.uasset" 283
"../../../Engine/Plugins/Animation/ControlRig/Content/Controls/DefaultGizmoLibraryNormalized.uexp" 284
"../../../Engine/Plugins/Animation/ControlRig/Content/Controls/ControlRig_Wedge_solid.ubulk" 285
"../../../Engine/Plugins/Animation/ControlRig/Content/Controls/ControlRig_Wedge_solid.uasset" 286
"../../../Engine/Plugins/Animation/ControlRig/Content/Controls/ControlRig_Wedge_solid.uexp" 287
"../../../Engine/Plugins/Animation/ControlRig/Content/Controls/ControlRig_Wedge_3mm.ubulk" 288
"../../../Engine/Plugins/Animation/ControlRig/Content/Controls/ControlRig_Wedge_3mm.uasset" 289
"../../../Engine/Plugins/Animation/ControlRig/Content/Controls/ControlRig_Wedge_3mm.uexp" 290
"../../../Engine/Plugins/Animation/ControlRig/Content/Controls/ControlRig_Wedge_1mm.ubulk" 291
"../../../Engine/Plugins/Animation/ControlRig/Content/Controls/ControlRig_Wedge_1mm.uasset" 292
"../../../Engine/Plugins/Animation/ControlRig/Content/Controls/ControlRig_Wedge_1mm.uexp" 293
"../../../Engine/Plugins/Animation/ControlRig/Content/Controls/ControlRig_Triangle_solid.ubulk" 294
"../../../Engine/Plugins/Animation/ControlRig/Content/Controls/ControlRig_Triangle_solid.uasset" 295
"../../../Engine/Plugins/Animation/ControlRig/Content/Controls/ControlRig_Triangle_solid.uexp" 296
"../../../Engine/Plugins/Animation/ControlRig/Content/Controls/ControlRig_Triangle_3mm.ubulk" 297
"../../../Engine/Plugins/Animation/ControlRig/Content/Controls/ControlRig_Triangle_3mm.uasset" 298
"../../../Engine/Plugins/Animation/ControlRig/Content/Controls/ControlRig_Triangle_3mm.uexp" 299
"../../../Engine/Plugins/Animation/ControlRig/Content/Controls/ControlRig_Triangle_1mm.ubulk" 300
"../../../Engine/Plugins/Animation/ControlRig/Content/Controls/ControlRig_Triangle_1mm.uasset" 301
"../../../Engine/Plugins/Animation/ControlRig/Content/Controls/ControlRig_Triangle_1mm.uexp" 302
"../../../Engine/Plugins/Animation/ControlRig/Content/Controls/ControlRig_Star4_solid.ubulk" 303
"../../../Engine/Plugins/Animation/ControlRig/Content/Controls/ControlRig_Star4_solid.uasset" 304
"../../../Engine/Plugins/Animation/ControlRig/Content/Controls/ControlRig_Star4_solid.uexp" 305
"../../../Engine/Plugins/Animation/ControlRig/Content/Controls/ControlRig_Star4_3mm.ubulk" 306
"../../../Engine/Plugins/Animation/ControlRig/Content/Controls/ControlRig_Star4_3mm.uasset" 307
"../../../Engine/Plugins/Animation/ControlRig/Content/Controls/ControlRig_Star4_3mm.uexp" 308
"../../../Engine/Plugins/Animation/ControlRig/Content/Controls/ControlRig_Star4_1mm.ubulk" 309
"../../../Engine/Plugins/Animation/ControlRig/Content/Controls/ControlRig_Star4_1mm.uasset" 310
"../../../Engine/Plugins/Animation/ControlRig/Content/Controls/ControlRig_Star4_1mm.uexp" 311
"../../../Engine/Plugins/Animation/ControlRig/Content/Controls/ControlRig_Square_solid.ubulk" 312
"../../../Engine/Plugins/Animation/ControlRig/Content/Controls/ControlRig_Square_solid.uasset" 313
"../../../Engine/Plugins/Animation/ControlRig/Content/Controls/ControlRig_Square_solid.uexp" 314
"../../../Engine/Plugins/Animation/ControlRig/Content/Controls/ControlRig_Square_3mm.ubulk" 315
"../../../Engine/Plugins/Animation/ControlRig/Content/Controls/ControlRig_Square_3mm.uasset" 316
"../../../Engine/Plugins/Animation/ControlRig/Content/Controls/ControlRig_Square_3mm.uexp" 317
"../../../Engine/Plugins/Animation/ControlRig/Content/Controls/ControlRig_Square_1mm.ubulk" 318
"../../../Engine/Plugins/Animation/ControlRig/Content/Controls/ControlRig_Square_1mm.uasset" 319
"../../../Engine/Plugins/Animation/ControlRig/Content/Controls/ControlRig_Square_1mm.uexp" 320
"../../../Engine/Plugins/Animation/ControlRig/Content/Controls/ControlRig_Sphere_solid.ubulk" 321
"../../../Engine/Plugins/Animation/ControlRig/Content/Controls/ControlRig_Sphere_solid.uasset" 322
"../../../Engine/Plugins/Animation/ControlRig/Content/Controls/ControlRig_Sphere_solid.uexp" 323
"../../../Engine/Plugins/Animation/ControlRig/Content/Controls/ControlRig_Sphere_3mm.ubulk" 324
"../../../Engine/Plugins/Animation/ControlRig/Content/Controls/ControlRig_Sphere_3mm.uasset" 325
"../../../Engine/Plugins/Animation/ControlRig/Content/Controls/ControlRig_Sphere_3mm.uexp" 326
"../../../Engine/Plugins/Animation/ControlRig/Content/Controls/ControlRig_Sphere_1mm.ubulk" 327
"../../../Engine/Plugins/Animation/ControlRig/Content/Controls/ControlRig_Sphere_1mm.uasset" 328
"../../../Engine/Plugins/Animation/ControlRig/Content/Controls/ControlRig_Sphere_1mm.uexp" 329
"../../../Engine/Plugins/Runtime/MeshModelingToolset/Content/Materials/M_DynamicMeshComponentVtxColor.uasset" 330
"../../../Engine/Plugins/Runtime/MeshModelingToolset/Content/Materials/M_DynamicMeshComponentVtxColor.uexp" 331
"../../../Engine/Plugins/Interchange/Runtime/Content/Pipelines/DefaultTexturePipeline.uasset" 332
"../../../Engine/Plugins/Interchange/Runtime/Content/Pipelines/DefaultTexturePipeline.uexp" 333
"../../../Engine/Plugins/Interchange/Runtime/Content/Pipelines/DefaultSceneLevelPipeline.uasset" 334
"../../../Engine/Plugins/Interchange/Runtime/Content/Pipelines/DefaultSceneLevelPipeline.uexp" 335
"../../../Engine/Plugins/Interchange/Runtime/Content/Pipelines/DefaultSceneAssetsPipeline.uasset" 336
"../../../Engine/Plugins/Interchange/Runtime/Content/Pipelines/DefaultSceneAssetsPipeline.uexp" 337
"../../../Engine/Plugins/Interchange/Runtime/Content/Pipelines/DefaultMaterialPipeline.uasset" 338
"../../../Engine/Plugins/Interchange/Runtime/Content/Pipelines/DefaultMaterialPipeline.uexp" 339
"../../../Engine/Plugins/Interchange/Runtime/Content/Pipelines/DefaultAssetsPipeline.uasset" 340
"../../../Engine/Plugins/Interchange/Runtime/Content/Pipelines/DefaultAssetsPipeline.uexp" 341
"../../../Engine/Plugins/Editor/SpeedTreeImporter/Content/SpeedTree9/game_wind_noise.ubulk" 342
"../../../Engine/Plugins/Editor/SpeedTreeImporter/Content/SpeedTree9/game_wind_noise.uasset" 343
"../../../Engine/Plugins/Editor/SpeedTreeImporter/Content/SpeedTree9/game_wind_noise.uexp" 344
"../../../Engine/Plugins/Editor/SpeedTreeImporter/Content/SpeedTree9/UnpackDirection.uasset" 345
"../../../Engine/Plugins/Editor/SpeedTreeImporter/Content/SpeedTree9/UnpackDirection.uexp" 346
"../../../Engine/Content/Functions/Engine_MaterialFunctions02/ObjectLocalBounds.uasset" 347
"../../../Engine/Content/Functions/Engine_MaterialFunctions02/ObjectLocalBounds.uexp" 348
"../../../Engine/Content/Functions/Engine_MaterialFunctions02/Utility/BreakOutFloat3Components.uasset" 349
"../../../Engine/Content/Functions/Engine_MaterialFunctions02/Utility/BreakOutFloat3Components.uexp" 350
"../../../Engine/Content/Functions/Engine_MaterialFunctions02/UVs/BoundingBoxBased_0-1_UVW.uasset" 351
"../../../Engine/Content/Functions/Engine_MaterialFunctions02/UVs/BoundingBoxBased_0-1_UVW.uexp" 352
"../../../Engine/Content/Functions/Engine_MaterialFunctions02/Utility/VectorLength.uasset" 353
"../../../Engine/Content/Functions/Engine_MaterialFunctions02/Utility/VectorLength.uexp" 354
"../../../Engine/Plugins/Editor/SpeedTreeImporter/Content/SpeedTree9/UnpackInteger3.uasset" 355
"../../../Engine/Plugins/Editor/SpeedTreeImporter/Content/SpeedTree9/UnpackInteger3.uexp" 356
"../../../Engine/Plugins/Editor/SpeedTreeImporter/Content/SpeedTree9/SpeedTreeCameraFacing.uasset" 357
"../../../Engine/Plugins/Editor/SpeedTreeImporter/Content/SpeedTree9/SpeedTreeCameraFacing.uexp" 358
"../../../Engine/Content/Functions/Engine_MaterialFunctions02/WorldPositionOffset/ObjectScale.uasset" 359
"../../../Engine/Content/Functions/Engine_MaterialFunctions02/WorldPositionOffset/ObjectScale.uexp" 360
"../../../Engine/Content/Functions/Engine_MaterialFunctions02/SafeNormalize.uasset" 361
"../../../Engine/Content/Functions/Engine_MaterialFunctions02/SafeNormalize.uexp" 362
"../../../Engine/Plugins/Editor/SpeedTreeImporter/Content/SpeedTree9/SpeedTreeWindMotion.uasset" 363
"../../../Engine/Plugins/Editor/SpeedTreeImporter/Content/SpeedTree9/SpeedTreeWindMotion.uexp" 364
"../../../Engine/Plugins/Editor/SpeedTreeImporter/Content/SpeedTree9/SpeedTreeBranchMotion.uasset" 365
"../../../Engine/Plugins/Editor/SpeedTreeImporter/Content/SpeedTree9/SpeedTreeBranchMotion.uexp" 366
"../../../Engine/Plugins/Editor/SpeedTreeImporter/Content/SpeedTree9/SpeedTreeWind.uasset" 367
"../../../Engine/Plugins/Editor/SpeedTreeImporter/Content/SpeedTree9/SpeedTreeWind.uexp" 368
"../../../Engine/Plugins/Editor/SpeedTreeImporter/Content/SpeedTree9/EmptyNormal.uasset" 369
"../../../Engine/Plugins/Editor/SpeedTreeImporter/Content/SpeedTree9/EmptyNormal.uexp" 370
"../../../Engine/Plugins/Editor/SpeedTreeImporter/Content/SpeedTree9/Empty.uasset" 371
"../../../Engine/Plugins/Editor/SpeedTreeImporter/Content/SpeedTree9/Empty.uexp" 372
"../../../Engine/Plugins/Editor/SpeedTreeImporter/Content/SpeedTree9/SpeedTreeMaster.uasset" 373
"../../../Engine/Plugins/Editor/SpeedTreeImporter/Content/SpeedTree9/SpeedTreeMaster.uexp" 374
"../../../Engine/Plugins/Editor/SpeedTreeImporter/Content/SpeedTree9/SpeedTreeBillboard.uasset" 375
"../../../Engine/Plugins/Editor/SpeedTreeImporter/Content/SpeedTree9/SpeedTreeBillboard.uexp" 376
"../../../Engine/Plugins/Editor/SpeedTreeImporter/Content/SpeedTree9/SpeedTreeBillboardMaster.uasset" 377
"../../../Engine/Plugins/Editor/SpeedTreeImporter/Content/SpeedTree9/SpeedTreeBillboardMaster.uexp" 378
"../../../Engine/Plugins/Animation/ControlRig/Content/Controls/ControlRig_RoundedTriangle_solid.ubulk" 379
"../../../Engine/Plugins/Animation/ControlRig/Content/Controls/ControlRig_RoundedTriangle_solid.uasset" 380
"../../../Engine/Plugins/Animation/ControlRig/Content/Controls/ControlRig_RoundedTriangle_solid.uexp" 381
"../../../Engine/Plugins/Animation/ControlRig/Content/Controls/ControlRig_RoundedTriangle_3mm.ubulk" 382
"../../../Engine/Plugins/Animation/ControlRig/Content/Controls/ControlRig_RoundedTriangle_3mm.uasset" 383
"../../../Engine/Plugins/Animation/ControlRig/Content/Controls/ControlRig_RoundedTriangle_3mm.uexp" 384
"../../../Engine/Plugins/Animation/ControlRig/Content/Controls/ControlRig_RoundedTriangle_1mm.ubulk" 385
"../../../Engine/Plugins/Animation/ControlRig/Content/Controls/ControlRig_RoundedTriangle_1mm.uasset" 386
"../../../Engine/Plugins/Animation/ControlRig/Content/Controls/ControlRig_RoundedTriangle_1mm.uexp" 387
"../../../Engine/Plugins/Animation/ControlRig/Content/Controls/ControlRig_RoundedSquare_solid.ubulk" 388
"../../../Engine/Plugins/Animation/ControlRig/Content/Controls/ControlRig_RoundedSquare_solid.uasset" 389
"../../../Engine/Plugins/Animation/ControlRig/Content/Controls/ControlRig_RoundedSquare_solid.uexp" 390
"../../../Engine/Plugins/Animation/ControlRig/Content/Controls/ControlRig_RoundedSquare_3mm.ubulk" 391
"../../../Engine/Plugins/Animation/ControlRig/Content/Controls/ControlRig_RoundedSquare_3mm.uasset" 392
"../../../Engine/Plugins/Animation/ControlRig/Content/Controls/ControlRig_RoundedSquare_3mm.uexp" 393
"../../../Engine/Plugins/Animation/ControlRig/Content/Controls/ControlRig_RoundedSquare_1mm.ubulk" 394
"../../../Engine/Plugins/Animation/ControlRig/Content/Controls/ControlRig_RoundedSquare_1mm.uasset" 395
"../../../Engine/Plugins/Animation/ControlRig/Content/Controls/ControlRig_RoundedSquare_1mm.uexp" 396
"../../../Engine/Plugins/Animation/ControlRig/Content/Controls/ControlRig_QuarterCircle_solid.ubulk" 397
"../../../Engine/Plugins/Animation/ControlRig/Content/Controls/ControlRig_QuarterCircle_solid.uasset" 398
"../../../Engine/Plugins/Animation/ControlRig/Content/Controls/ControlRig_QuarterCircle_solid.uexp" 399
"../../../Engine/Plugins/Animation/ControlRig/Content/Controls/ControlRig_QuarterCircle_3mm.ubulk" 400
"../../../Engine/Plugins/Animation/ControlRig/Content/Controls/ControlRig_QuarterCircle_3mm.uasset" 401
"../../../Engine/Plugins/Animation/ControlRig/Content/Controls/ControlRig_QuarterCircle_3mm.uexp" 402
"../../../Engine/Plugins/Animation/ControlRig/Content/Controls/ControlRig_QuarterCircle_1mm.ubulk" 403
"../../../Engine/Plugins/Animation/ControlRig/Content/Controls/ControlRig_QuarterCircle_1mm.uasset" 404
"../../../Engine/Plugins/Animation/ControlRig/Content/Controls/ControlRig_QuarterCircle_1mm.uexp" 405
"../../../Engine/Plugins/Animation/ControlRig/Content/Controls/ControlRig_Pyramid_solid.ubulk" 406
"../../../Engine/Plugins/Animation/ControlRig/Content/Controls/ControlRig_Pyramid_solid.uasset" 407
"../../../Engine/Plugins/Animation/ControlRig/Content/Controls/ControlRig_Pyramid_solid.uexp" 408
"../../../Engine/Plugins/Animation/ControlRig/Content/Controls/ControlRig_Pyramid_3mm.ubulk" 409
"../../../Engine/Plugins/Animation/ControlRig/Content/Controls/ControlRig_Pyramid_3mm.uasset" 410
"../../../Engine/Plugins/Animation/ControlRig/Content/Controls/ControlRig_Pyramid_3mm.uexp" 411
"../../../Engine/Plugins/Animation/ControlRig/Content/Controls/ControlRig_Pyramid_1mm.ubulk" 412
"../../../Engine/Plugins/Animation/ControlRig/Content/Controls/ControlRig_Pyramid_1mm.uasset" 413
"../../../Engine/Plugins/Animation/ControlRig/Content/Controls/ControlRig_Pyramid_1mm.uexp" 414
"../../../Engine/Plugins/Animation/ControlRig/Content/Controls/ControlRig_Octagon_solid.ubulk" 415
"../../../Engine/Plugins/Animation/ControlRig/Content/Controls/ControlRig_Octagon_solid.uasset" 416
"../../../Engine/Plugins/Animation/ControlRig/Content/Controls/ControlRig_Octagon_solid.uexp" 417
"../../../Engine/Plugins/Animation/ControlRig/Content/Controls/ControlRig_Octagon_3mm.ubulk" 418
"../../../Engine/Plugins/Animation/ControlRig/Content/Controls/ControlRig_Octagon_3mm.uasset" 419
"../../../Engine/Plugins/Animation/ControlRig/Content/Controls/ControlRig_Octagon_3mm.uexp" 420
"../../../Engine/Plugins/Animation/ControlRig/Content/Controls/ControlRig_Octagon_1mm.ubulk" 421
"../../../Engine/Plugins/Animation/ControlRig/Content/Controls/ControlRig_Octagon_1mm.uasset" 422
"../../../Engine/Plugins/Animation/ControlRig/Content/Controls/ControlRig_Octagon_1mm.uexp" 423
"../../../Engine/Plugins/Animation/ControlRig/Content/Controls/ControlRig_Hexagon_solid.ubulk" 424
"../../../Engine/Plugins/Animation/ControlRig/Content/Controls/ControlRig_Hexagon_solid.uasset" 425
"../../../Engine/Plugins/Animation/ControlRig/Content/Controls/ControlRig_Hexagon_solid.uexp" 426
"../../../Engine/Plugins/Animation/ControlRig/Content/Controls/ControlRig_Hexagon_3mm.ubulk" 427
"../../../Engine/Plugins/Animation/ControlRig/Content/Controls/ControlRig_Hexagon_3mm.uasset" 428
"../../../Engine/Plugins/Animation/ControlRig/Content/Controls/ControlRig_Hexagon_3mm.uexp" 429
"../../../Engine/Plugins/Animation/ControlRig/Content/Controls/ControlRig_Hexagon_1mm.ubulk" 430
"../../../Engine/Plugins/Animation/ControlRig/Content/Controls/ControlRig_Hexagon_1mm.uasset" 431
"../../../Engine/Plugins/Animation/ControlRig/Content/Controls/ControlRig_Hexagon_1mm.uexp" 432
"../../../Engine/Plugins/Animation/ControlRig/Content/Controls/ControlRig_HalfCircle_solid.ubulk" 433
"../../../Engine/Plugins/Animation/ControlRig/Content/Controls/ControlRig_HalfCircle_solid.uasset" 434
"../../../Engine/Plugins/Animation/ControlRig/Content/Controls/ControlRig_HalfCircle_solid.uexp" 435
"../../../Engine/Plugins/Animation/ControlRig/Content/Controls/ControlRig_HalfCircle_3mm.ubulk" 436
"../../../Engine/Plugins/Animation/ControlRig/Content/Controls/ControlRig_HalfCircle_3mm.uasset" 437
"../../../Engine/Plugins/Animation/ControlRig/Content/Controls/ControlRig_HalfCircle_3mm.uexp" 438
"../../../Engine/Plugins/Animation/ControlRig/Content/Controls/ControlRig_HalfCircle_1mm.ubulk" 439
"../../../Engine/Plugins/Animation/ControlRig/Content/Controls/ControlRig_HalfCircle_1mm.uasset" 440
"../../../Engine/Plugins/Animation/ControlRig/Content/Controls/ControlRig_HalfCircle_1mm.uexp" 441
"../../../Engine/Plugins/Animation/ControlRig/Content/Controls/ControlRig_Diamond_solid.ubulk" 442
"../../../Engine/Plugins/Animation/ControlRig/Content/Controls/ControlRig_Diamond_solid.uasset" 443
"../../../Engine/Plugins/Animation/ControlRig/Content/Controls/ControlRig_Diamond_solid.uexp" 444
"../../../Engine/Plugins/Animation/ControlRig/Content/Controls/ControlRig_Diamond_3mm.ubulk" 445
"../../../Engine/Plugins/Animation/ControlRig/Content/Controls/ControlRig_Diamond_3mm.uasset" 446
"../../../Engine/Plugins/Animation/ControlRig/Content/Controls/ControlRig_Diamond_3mm.uexp" 447
"../../../Engine/Plugins/Animation/ControlRig/Content/Controls/ControlRig_Diamond_1mm.ubulk" 448
"../../../Engine/Plugins/Animation/ControlRig/Content/Controls/ControlRig_Diamond_1mm.uasset" 449
"../../../Engine/Plugins/Animation/ControlRig/Content/Controls/ControlRig_Diamond_1mm.uexp" 450
"../../../Engine/Plugins/Animation/ControlRig/Content/Controls/ControlRig_Circle_solid.ubulk" 451
"../../../Engine/Plugins/Animation/ControlRig/Content/Controls/ControlRig_Circle_solid.uasset" 452
"../../../Engine/Plugins/Animation/ControlRig/Content/Controls/ControlRig_Circle_solid.uexp" 453
"../../../Engine/Plugins/Animation/ControlRig/Content/Controls/ControlRig_Circle_3mm.ubulk" 454
"../../../Engine/Plugins/Animation/ControlRig/Content/Controls/ControlRig_Circle_3mm.uasset" 455
"../../../Engine/Plugins/Animation/ControlRig/Content/Controls/ControlRig_Circle_3mm.uexp" 456
"../../../Engine/Plugins/Animation/ControlRig/Content/Controls/ControlRig_Circle_1mm.ubulk" 457
"../../../Engine/Plugins/Animation/ControlRig/Content/Controls/ControlRig_Circle_1mm.uasset" 458
"../../../Engine/Plugins/Animation/ControlRig/Content/Controls/ControlRig_Circle_1mm.uexp" 459
"../../../Engine/Plugins/Animation/ControlRig/Content/Controls/ControlRig_Box_solid.ubulk" 460
"../../../Engine/Plugins/Animation/ControlRig/Content/Controls/ControlRig_Box_solid.uasset" 461
"../../../Engine/Plugins/Animation/ControlRig/Content/Controls/ControlRig_Box_solid.uexp" 462
"../../../Engine/Plugins/Animation/ControlRig/Content/Controls/ControlRig_Box_3mm.ubulk" 463
"../../../Engine/Plugins/Animation/ControlRig/Content/Controls/ControlRig_Box_3mm.uasset" 464
"../../../Engine/Plugins/Animation/ControlRig/Content/Controls/ControlRig_Box_3mm.uexp" 465
"../../../Engine/Plugins/Animation/ControlRig/Content/Controls/ControlRig_Box_1mm.ubulk" 466
"../../../Engine/Plugins/Animation/ControlRig/Content/Controls/ControlRig_Box_1mm.uasset" 467
"../../../Engine/Plugins/Animation/ControlRig/Content/Controls/ControlRig_Box_1mm.uexp" 468
"../../../Engine/Plugins/Animation/ControlRig/Content/Controls/ControlRig_Arrow_solid.ubulk" 469
"../../../Engine/Plugins/Animation/ControlRig/Content/Controls/ControlRig_Arrow_solid.uasset" 470
"../../../Engine/Plugins/Animation/ControlRig/Content/Controls/ControlRig_Arrow_solid.uexp" 471
"../../../Engine/Plugins/Animation/ControlRig/Content/Controls/ControlRig_Arrow_3mm.ubulk" 472
"../../../Engine/Plugins/Animation/ControlRig/Content/Controls/ControlRig_Arrow_3mm.uasset" 473
"../../../Engine/Plugins/Animation/ControlRig/Content/Controls/ControlRig_Arrow_3mm.uexp" 474
"../../../Engine/Plugins/Animation/ControlRig/Content/Controls/ControlRig_Arrow_1mm.ubulk" 475
"../../../Engine/Plugins/Animation/ControlRig/Content/Controls/ControlRig_Arrow_1mm.uasset" 476
"../../../Engine/Plugins/Animation/ControlRig/Content/Controls/ControlRig_Arrow_1mm.uexp" 477
"../../../Engine/Plugins/Animation/ControlRig/Content/Controls/ControlRig_Arrow4_solid.ubulk" 478
"../../../Engine/Plugins/Animation/ControlRig/Content/Controls/ControlRig_Arrow4_solid.uasset" 479
"../../../Engine/Plugins/Animation/ControlRig/Content/Controls/ControlRig_Arrow4_solid.uexp" 480
"../../../Engine/Plugins/Animation/ControlRig/Content/Controls/ControlRig_Arrow4_3mm.ubulk" 481
"../../../Engine/Plugins/Animation/ControlRig/Content/Controls/ControlRig_Arrow4_3mm.uasset" 482
"../../../Engine/Plugins/Animation/ControlRig/Content/Controls/ControlRig_Arrow4_3mm.uexp" 483
"../../../Engine/Plugins/Animation/ControlRig/Content/Controls/ControlRig_Arrow4_1mm.ubulk" 484
"../../../Engine/Plugins/Animation/ControlRig/Content/Controls/ControlRig_Arrow4_1mm.uasset" 485
"../../../Engine/Plugins/Animation/ControlRig/Content/Controls/ControlRig_Arrow4_1mm.uexp" 486
"../../../Engine/Plugins/Animation/ControlRig/Content/Controls/ControlRig_Arrow2_solid.ubulk" 487
"../../../Engine/Plugins/Animation/ControlRig/Content/Controls/ControlRig_Arrow2_solid.uasset" 488
"../../../Engine/Plugins/Animation/ControlRig/Content/Controls/ControlRig_Arrow2_solid.uexp" 489
"../../../Engine/Plugins/Animation/ControlRig/Content/Controls/ControlRig_Arrow2_3mm.ubulk" 490
"../../../Engine/Plugins/Animation/ControlRig/Content/Controls/ControlRig_Arrow2_3mm.uasset" 491
"../../../Engine/Plugins/Animation/ControlRig/Content/Controls/ControlRig_Arrow2_3mm.uexp" 492
"../../../Engine/Plugins/Animation/ControlRig/Content/Controls/ControlRig_Arrow2_1mm.ubulk" 493
"../../../Engine/Plugins/Animation/ControlRig/Content/Controls/ControlRig_Arrow2_1mm.uasset" 494
"../../../Engine/Plugins/Animation/ControlRig/Content/Controls/ControlRig_Arrow2_1mm.uexp" 495
"../../../Engine/Plugins/Animation/ControlRig/Content/Controls/ControlRigXRayMaterial.uasset" 496
"../../../Engine/Plugins/Animation/ControlRig/Content/Controls/ControlRigXRayMaterial.uexp" 497
"../../../Engine/Plugins/Animation/ControlRig/Content/Controls/ControlRigGizmoMaterial.uasset" 498
"../../../Engine/Plugins/Animation/ControlRig/Content/Controls/ControlRigGizmoMaterial.uexp" 499
"../../../Engine/Content/MobileResources/HUD/VirtualJoystick_Background.uasset" 500
"../../../Engine/Content/MobileResources/HUD/VirtualJoystick_Background.uexp" 501
"../../../Engine/Content/MobileResources/HUD/VirtualJoystick_Thumb.uasset" 502
"../../../Engine/Content/MobileResources/HUD/VirtualJoystick_Thumb.uexp" 503
"../../../Engine/Content/MobileResources/HUD/DefaultVirtualJoysticks.uasset" 504
"../../../Engine/Content/MobileResources/HUD/DefaultVirtualJoysticks.uexp" 505
"../../../Engine/Content/EngineSounds/Master.uasset" 506
"../../../Engine/Content/EngineSounds/Master.uexp" 507
"../../../Engine/Content/EngineSky/VolumetricClouds/CloudWeatherTexture.uasset" 508
"../../../Engine/Content/EngineSky/VolumetricClouds/CloudWeatherTexture.uexp" 509
"../../../Engine/Content/Functions/Engine_MaterialFunctions02/Utility/MakeFloat2.uasset" 510
"../../../Engine/Content/Functions/Engine_MaterialFunctions02/Utility/MakeFloat2.uexp" 511
"../../../Engine/Content/EngineSky/VolumetricClouds/CloudGradientTexture.uasset" 512
"../../../Engine/Content/EngineSky/VolumetricClouds/CloudGradientTexture.uexp" 513
"../../../Engine/Content/EngineSky/VolumetricClouds/T_NoiseShape64.ubulk" 514
"../../../Engine/Content/EngineSky/VolumetricClouds/T_NoiseShape64.uasset" 515
"../../../Engine/Content/EngineSky/VolumetricClouds/T_NoiseShape64.uexp" 516
"../../../Engine/Content/EngineSky/VolumetricClouds/T_VolumeNoiseShape64.uasset" 517
"../../../Engine/Content/EngineSky/VolumetricClouds/T_VolumeNoiseShape64.uexp" 518
"../../../Engine/Content/EngineSky/VolumetricClouds/T_NoiseErosion.ubulk" 519
"../../../Engine/Content/EngineSky/VolumetricClouds/T_NoiseErosion.uasset" 520
"../../../Engine/Content/EngineSky/VolumetricClouds/T_NoiseErosion.uexp" 521
"../../../Engine/Content/EngineSky/VolumetricClouds/T_VolumeNoiseErosion32.uasset" 522
"../../../Engine/Content/EngineSky/VolumetricClouds/T_VolumeNoiseErosion32.uexp" 523
"../../../Engine/Content/EngineSky/VolumetricClouds/m_SimpleVolumetricCloud.uasset" 524
"../../../Engine/Content/EngineSky/VolumetricClouds/m_SimpleVolumetricCloud.uexp" 525
"../../../Engine/Content/EngineSky/VolumetricClouds/m_SimpleVolumetricCloud_Inst.uasset" 526
"../../../Engine/Content/EngineSky/VolumetricClouds/m_SimpleVolumetricCloud_Inst.uexp" 527
"../../../Engine/Content/EngineResources/FilmGrains/Marcie_Grain_v3_128_M2_000.uasset" 528
"../../../Engine/Content/EngineResources/FilmGrains/Marcie_Grain_v3_128_M2_000.uexp" 529
"../../../Engine/Content/EngineResources/WhiteSquareTexture.uasset" 530
"../../../Engine/Content/EngineResources/WhiteSquareTexture.uexp" 531
"../../../Engine/Content/EngineMaterials/Widget3DPassThrough.uasset" 532
"../../../Engine/Content/EngineMaterials/Widget3DPassThrough.uexp" 533
"../../../Engine/Content/EngineMaterials/Widget3DPassThrough_Translucent.uasset" 534
"../../../Engine/Content/EngineMaterials/Widget3DPassThrough_Translucent.uexp" 535
"../../../Engine/Content/EngineMaterials/Widget3DPassThrough_Translucent_OneSided.uasset" 536
"../../../Engine/Content/EngineMaterials/Widget3DPassThrough_Translucent_OneSided.uexp" 537
"../../../Engine/Content/EngineMaterials/Widget3DPassThrough_Opaque.uasset" 538
"../../../Engine/Content/EngineMaterials/Widget3DPassThrough_Opaque.uexp" 539
"../../../Engine/Content/EngineMaterials/Widget3DPassThrough_Opaque_OneSided.uasset" 540
"../../../Engine/Content/EngineMaterials/Widget3DPassThrough_Opaque_OneSided.uexp" 541
"../../../Engine/Content/EngineMaterials/Widget3DPassThrough_Masked_OneSided.uasset" 542
"../../../Engine/Content/EngineMaterials/Widget3DPassThrough_Masked_OneSided.uexp" 543
"../../../Engine/Content/EngineMaterials/Widget3DPassThrough_Masked.uasset" 544
"../../../Engine/Content/EngineMaterials/Widget3DPassThrough_Masked.uexp" 545
"../../../Engine/Content/EngineMaterials/STBlueNoise_vec2_128x128x64.uasset" 546
"../../../Engine/Content/EngineMaterials/STBlueNoise_vec2_128x128x64.uexp" 547
"../../../Engine/Content/EngineMaterials/STBlueNoise_scalar_128x128x64.uasset" 548
"../../../Engine/Content/EngineMaterials/STBlueNoise_scalar_128x128x64.uexp" 549
"../../../Engine/Content/EngineMaterials/RemoveSurfaceMaterial.uasset" 550
"../../../Engine/Content/EngineMaterials/RemoveSurfaceMaterial.uexp" 551
"../../../Engine/Content/EngineMaterials/DefaultCalibrationGrayscale.uasset" 552
"../../../Engine/Content/EngineMaterials/DefaultCalibrationGrayscale.uexp" 553
"../../../Engine/Content/EngineMaterials/PPM_DefaultCalibrationGrayscale.uasset" 554
"../../../Engine/Content/EngineMaterials/PPM_DefaultCalibrationGrayscale.uexp" 555
"../../../Engine/Content/EngineMaterials/DefaultCalibrationColor.uasset" 556
"../../../Engine/Content/EngineMaterials/DefaultCalibrationColor.uexp" 557
"../../../Engine/Content/EngineMaterials/PPM_DefaultCalibrationColor.uasset" 558
"../../../Engine/Content/EngineMaterials/PPM_DefaultCalibrationColor.uexp" 559
"../../../Engine/Content/EngineMaterials/PhAT_JointLimitMaterial.uasset" 560
"../../../Engine/Content/EngineMaterials/PhAT_JointLimitMaterial.uexp" 561
"../../../Engine/Content/EngineMaterials/NaniteHiddenSectionMaterial.uasset" 562
"../../../Engine/Content/EngineMaterials/NaniteHiddenSectionMaterial.uexp" 563
"../../../Engine/Content/EngineMaterials/InvalidLightmapSettings.ubulk" 564
"../../../Engine/Content/EngineMaterials/InvalidLightmapSettings.uasset" 565
"../../../Engine/Content/EngineMaterials/InvalidLightmapSettings.uexp" 566
"../../../Engine/Content/EngineMaterials/M_InvalidLightmapSettings.uasset" 567
"../../../Engine/Content/EngineMaterials/M_InvalidLightmapSettings.uexp" 568
"../../../Engine/Content/EngineMaterials/GizmoMaterial.uasset" 569
"../../../Engine/Content/EngineMaterials/GizmoMaterial.uexp" 570
"../../../Engine/Content/EngineMaterials/BaseFlattenEmissiveMap_VT.uasset" 571
"../../../Engine/Content/EngineMaterials/BaseFlattenEmissiveMap_VT.uexp" 572
"../../../Engine/Content/EngineMaterials/BaseFlattenGrayscaleMap_VT.uasset" 573
"../../../Engine/Content/EngineMaterials/BaseFlattenGrayscaleMap_VT.uexp" 574
"../../../Engine/Content/EngineMaterials/BaseFlattenLinearColor_VT.uasset" 575
"../../../Engine/Content/EngineMaterials/BaseFlattenLinearColor_VT.uexp" 576
"../../../Engine/Content/EngineMaterials/Black_1x1_EXR_Texture_VT.uasset" 577
"../../../Engine/Content/EngineMaterials/Black_1x1_EXR_Texture_VT.uexp" 578
"../../../Engine/Content/EngineMaterials/BaseFlattenDiffuseMap_VT.uasset" 579
"../../../Engine/Content/EngineMaterials/BaseFlattenDiffuseMap_VT.uexp" 580
"../../../Engine/Content/EngineMaterials/BaseFlattenNormalMap_VT.uasset" 581
"../../../Engine/Content/EngineMaterials/BaseFlattenNormalMap_VT.uexp" 582
"../../../Engine/Content/EngineMaterials/FlattenMaterial_WS_Normal_VT.uasset" 583
"../../../Engine/Content/EngineMaterials/FlattenMaterial_WS_Normal_VT.uexp" 584
"../../../Engine/Content/EngineMaterials/FlattenMaterial_VT.uasset" 585
"../../../Engine/Content/EngineMaterials/FlattenMaterial_VT.uexp" 586
"../../../Engine/Content/EngineMaterials/BaseFlattenNormalMap.uasset" 587
"../../../Engine/Content/EngineMaterials/BaseFlattenNormalMap.uexp" 588
"../../../Engine/Content/EngineMaterials/BaseFlattenGrayscaleMap.uasset" 589
"../../../Engine/Content/EngineMaterials/BaseFlattenGrayscaleMap.uexp" 590
"../../../Engine/Content/EngineMaterials/BaseFlattenDiffuseMap.uasset" 591
"../../../Engine/Content/EngineMaterials/BaseFlattenDiffuseMap.uexp" 592
"../../../Engine/Content/Functions/Engine_MaterialFunctions02/PivotPainter2/Black_1x1_EXR_Texture.uasset" 593
"../../../Engine/Content/Functions/Engine_MaterialFunctions02/PivotPainter2/Black_1x1_EXR_Texture.uexp" 594
"../../../Engine/Content/EngineMaterials/BaseFlattenEmissiveMap.uasset" 595
"../../../Engine/Content/EngineMaterials/BaseFlattenEmissiveMap.uexp" 596
"../../../Engine/Content/EngineMaterials/BaseFlattenLinearColor.uasset" 597
"../../../Engine/Content/EngineMaterials/BaseFlattenLinearColor.uexp" 598
"../../../Engine/Content/EngineMaterials/FlattenMaterial.uasset" 599
"../../../Engine/Content/EngineMaterials/FlattenMaterial.uexp" 600
"../../../Engine/Content/EngineMaterials/DefaultWhiteGrid_Low.uasset" 601
"../../../Engine/Content/EngineMaterials/DefaultWhiteGrid_Low.uexp" 602
"../../../Engine/Content/EngineMaterials/EmissiveMeshMaterial.uasset" 603
"../../../Engine/Content/EngineMaterials/EmissiveMeshMaterial.uexp" 604
"../../../Engine/Content/EngineFonts/RobotoDistanceField.uasset" 605
"../../../Engine/Content/EngineFonts/RobotoDistanceField.uexp" 606
"../../../Engine/Content/EngineMaterials/DefaultTextMaterialOpaque.uasset" 607
"../../../Engine/Content/EngineMaterials/DefaultTextMaterialOpaque.uexp" 608
"../../../Engine/Content/EngineMaterials/DefaultDiffuse.ubulk" 609
"../../../Engine/Content/EngineMaterials/DefaultDiffuse.uasset" 610
"../../../Engine/Content/EngineMaterials/DefaultDiffuse.uexp" 611
"../../../Engine/Content/Functions/Engine_MaterialFunctions02/Utility/BreakOutFloat2Components.uasset" 612
"../../../Engine/Content/Functions/Engine_MaterialFunctions02/Utility/BreakOutFloat2Components.uexp" 613
"../../../Engine/Content/EngineMaterials/DefaultPostProcessMaterial.uasset" 614
"../../../Engine/Content/EngineMaterials/DefaultPostProcessMaterial.uexp" 615
"../../../Engine/Content/EngineMaterials/DefaultPhysicalMaterial.uasset" 616
"../../../Engine/Content/EngineMaterials/DefaultPhysicalMaterial.uexp" 617
"../../../Engine/Content/EngineMaterials/DefaultLightFunctionMaterial.uasset" 618
"../../../Engine/Content/EngineMaterials/DefaultLightFunctionMaterial.uexp" 619
"../../../Engine/Content/EngineMaterials/DefaultDestructiblePhysicalMaterial.uasset" 620
"../../../Engine/Content/EngineMaterials/DefaultDestructiblePhysicalMaterial.uexp" 621
"../../../Engine/Content/EngineMaterials/DefaultDeferredDecalMaterial.uasset" 622
"../../../Engine/Content/EngineMaterials/DefaultDeferredDecalMaterial.uexp" 623
"../../../Engine/Content/EngineMaterials/DefaultBloomKernel.uasset" 624
"../../../Engine/Content/EngineMaterials/DefaultBloomKernel.uexp" 625
"../../../Engine/Content/EngineFonts/Faces/RobotoLight.uexp" 626
"../../../Engine/Content/EngineFonts/Faces/RobotoLight.uasset" 627
"../../../Engine/Content/EngineFonts/Faces/RobotoLight.ufont" 628
"../../../Engine/Content/EngineFonts/Faces/RobotoBold.uexp" 629
"../../../Engine/Content/EngineFonts/Faces/RobotoBold.uasset" 630
"../../../Engine/Content/EngineFonts/Faces/RobotoBold.ufont" 631
"../../../Engine/Content/EngineFonts/Faces/RobotoRegular.uexp" 632
"../../../Engine/Content/EngineFonts/Faces/RobotoRegular.uasset" 633
"../../../Engine/Content/EngineFonts/Faces/RobotoRegular.ufont" 634
"../../../Engine/Content/EngineFonts/Faces/DroidSansFallback.uexp" 635
"../../../Engine/Content/EngineFonts/Faces/DroidSansFallback.uasset" 636
"../../../Engine/Content/EngineFonts/Faces/DroidSansFallback.ufont" 637
"../../../Engine/Content/EngineFonts/Faces/RobotoItalic.uexp" 638
"../../../Engine/Content/EngineFonts/Faces/RobotoItalic.uasset" 639
"../../../Engine/Content/EngineFonts/Faces/RobotoItalic.ufont" 640
"../../../Engine/Content/EngineFonts/Faces/RobotoBoldItalic.uexp" 641
"../../../Engine/Content/EngineFonts/Faces/RobotoBoldItalic.uasset" 642
"../../../Engine/Content/EngineFonts/Faces/RobotoBoldItalic.ufont" 643
"../../../Engine/Content/EngineFonts/Roboto.uasset" 644
"../../../Engine/Content/EngineFonts/Roboto.uexp" 645
"../../../Engine/Content/Functions/Engine_MaterialFunctions02/Utility/CameraDirectionVector.uasset" 646
"../../../Engine/Content/Functions/Engine_MaterialFunctions02/Utility/CameraDirectionVector.uexp" 647
"../../../Engine/Content/EngineDebugMaterials/VolumeToRender.uasset" 648
"../../../Engine/Content/EngineDebugMaterials/VolumeToRender.uexp" 649
"../../../Engine/Content/EngineDebugMaterials/M_VolumeRenderSphereTracePP.uasset" 650
"../../../Engine/Content/EngineDebugMaterials/M_VolumeRenderSphereTracePP.uexp" 651
"../../../Engine/Content/EngineDebugMaterials/M_SimpleUnlitTranslucent.uasset" 652
"../../../Engine/Content/EngineDebugMaterials/M_SimpleUnlitTranslucent.uexp" 653
"../../../Engine/Content/EngineDebugMaterials/DebugMeshMaterial.uasset" 654
"../../../Engine/Content/EngineDebugMaterials/DebugMeshMaterial.uexp" 655
"../../../Engine/Content/EngineDebugMaterials/DebugEditorMaterial.uasset" 656
"../../../Engine/Content/EngineDebugMaterials/DebugEditorMaterial.uexp" 657
"../../../Engine/Content/EngineDamageTypes/DmgTypeBP_Environmental.uasset" 658
"../../../Engine/Content/EngineDamageTypes/DmgTypeBP_Environmental.uexp" 659
"../../../Engine/Content/EditorResources/S_Terrain.ubulk" 660
"../../../Engine/Content/EditorResources/S_Terrain.uasset" 661
"../../../Engine/Content/EditorResources/S_Terrain.uexp" 662
"../../../Engine/Content/EditorResources/EmptyActor.uasset" 663
"../../../Engine/Content/EditorResources/EmptyActor.uexp" 664
"../../../Engine/Content/EditorResources/BSPVertex.uasset" 665
"../../../Engine/Content/EditorResources/BSPVertex.uexp" 666
"../../../Engine/Content/EditorResources/SequenceRecorder/RecordingIndicator.uasset" 667
"../../../Engine/Content/EditorResources/SequenceRecorder/RecordingIndicator.uexp" 668
"../../../Engine/Content/EditorResources/SequenceRecorder/Countdown.uasset" 669
"../../../Engine/Content/EditorResources/SequenceRecorder/Countdown.uexp" 670
"../../../Engine/Content/EditorResources/AudioIcons/S_AudioComponent_AutoActivate.uasset" 671
"../../../Engine/Content/EditorResources/AudioIcons/S_AudioComponent_AutoActivate.uexp" 672
"../../../Engine/Content/EditorMaterials/PreviewShadowIndicator.ubulk" 673
"../../../Engine/Content/EditorMaterials/PreviewShadowIndicator.uasset" 674
"../../../Engine/Content/EditorMaterials/PreviewShadowIndicator.uexp" 675
"../../../Engine/Content/EditorMaterials/PreviewShadowIndicatorMaterial.uasset" 676
"../../../Engine/Content/EditorMaterials/PreviewShadowIndicatorMaterial.uexp" 677
"../../../Engine/Content/EditorMaterials/PhAT_UnselectedMaterial.uasset" 678
"../../../Engine/Content/EditorMaterials/PhAT_UnselectedMaterial.uexp" 679
"../../../Engine/Content/EditorMaterials/PhAT_NoCollisionMaterial.uasset" 680
"../../../Engine/Content/EditorMaterials/PhAT_NoCollisionMaterial.uexp" 681
"../../../Engine/Content/EditorLandscapeResources/DefaultAlphaTexture.uasset" 682
"../../../Engine/Content/EditorLandscapeResources/DefaultAlphaTexture.uexp" 683
"../../../Engine/Content/EditorLandscapeResources/DataLayer.uasset" 684
"../../../Engine/Content/EditorLandscapeResources/DataLayer.uexp" 685
"../../../Engine/Content/EngineMaterials/DefaultMaterial.uasset" 686
"../../../Engine/Content/EngineMaterials/DefaultMaterial.uexp" 687
"../../../Engine/Content/BasicShapes/Sphere.ubulk" 688
"../../../Engine/Content/BasicShapes/Sphere.uasset" 689
"../../../Engine/Content/BasicShapes/Sphere.uexp" 690
"../../../Engine/Content/BasicShapes/Plane.ubulk" 691
"../../../Engine/Content/BasicShapes/Plane.uasset" 692
"../../../Engine/Content/BasicShapes/Plane.uexp" 693
"../../../Engine/Content/BasicShapes/Cylinder.ubulk" 694
"../../../Engine/Content/BasicShapes/Cylinder.uasset" 695
"../../../Engine/Content/BasicShapes/Cylinder.uexp" 696
"../../../Engine/Content/BasicShapes/Cube.ubulk" 697
"../../../Engine/Content/BasicShapes/Cube.uasset" 698
"../../../Engine/Content/BasicShapes/Cube.uexp" 699
"../../../Engine/Content/BasicShapes/Cone.ubulk" 700
"../../../Engine/Content/BasicShapes/Cone.uasset" 701
"../../../Engine/Content/BasicShapes/Cone.uexp" 702
"../../../Engine/Content/Animation/DefaultRecorderBoneCompression.uasset" 703
"../../../Engine/Content/Animation/DefaultRecorderBoneCompression.uexp" 704
"../../../Engine/Content/Animation/DefaultAnimCurveCompressionSettings.uasset" 705
"../../../Engine/Content/Animation/DefaultAnimCurveCompressionSettings.uexp" 706
"../../../Engine/Content/Animation/DefaultAnimBoneCompressionSettings.uasset" 707
"../../../Engine/Content/Animation/DefaultAnimBoneCompressionSettings.uexp" 708
"../../../Engine/Content/Functions/Engine_MaterialFunctions01/Shading/PowerToRoughness.uasset" 709
"../../../Engine/Content/Functions/Engine_MaterialFunctions01/Shading/PowerToRoughness.uexp" 710
"../../../Engine/Content/Functions/Engine_MaterialFunctions01/Shading/ConvertFromDiffSpec.uasset" 711
"../../../Engine/Content/Functions/Engine_MaterialFunctions01/Shading/ConvertFromDiffSpec.uexp" 712
"C:/Users/UPGRK/Documents/Unreal Projects/TopDown2D - Copy/Content/Sea.ubulk" 713
"C:/Users/UPGRK/Documents/Unreal Projects/TopDown2D - Copy/Content/Sea.uasset" 714
"C:/Users/UPGRK/Documents/Unreal Projects/TopDown2D - Copy/Content/Sea.uexp" 715
"C:/Users/UPGRK/Documents/Unreal Projects/TopDown2D - Copy/Content/Seabgm1.uasset" 716
"C:/Users/UPGRK/Documents/Unreal Projects/TopDown2D - Copy/Content/Seabgm1.uexp" 717
"C:/Users/UPGRK/Documents/Unreal Projects/TopDown2D - Copy/Content/UI/Credit.uasset" 718
"C:/Users/UPGRK/Documents/Unreal Projects/TopDown2D - Copy/Content/UI/Credit.uexp" 719
"C:/Users/UPGRK/Documents/Unreal Projects/TopDown2D - Copy/Content/UI/bgcut1.uasset" 720
"C:/Users/UPGRK/Documents/Unreal Projects/TopDown2D - Copy/Content/UI/bgcut1.uexp" 721
"C:/Users/UPGRK/Documents/Unreal Projects/TopDown2D - Copy/Content/UI/quit.uasset" 722
"C:/Users/UPGRK/Documents/Unreal Projects/TopDown2D - Copy/Content/UI/quit.uexp" 723
"C:/Users/UPGRK/Documents/Unreal Projects/TopDown2D - Copy/Content/UI/startpress.uasset" 724
"C:/Users/UPGRK/Documents/Unreal Projects/TopDown2D - Copy/Content/UI/startpress.uexp" 725
"C:/Users/UPGRK/Documents/Unreal Projects/TopDown2D - Copy/Content/UI/creditpress.uasset" 726
"C:/Users/UPGRK/Documents/Unreal Projects/TopDown2D - Copy/Content/UI/creditpress.uexp" 727
"C:/Users/UPGRK/Documents/Unreal Projects/TopDown2D - Copy/Content/UI/quitpress.uasset" 728
"C:/Users/UPGRK/Documents/Unreal Projects/TopDown2D - Copy/Content/UI/quitpress.uexp" 729
"C:/Users/UPGRK/Documents/Unreal Projects/TopDown2D - Copy/Content/UI/Start.uasset" 730
"C:/Users/UPGRK/Documents/Unreal Projects/TopDown2D - Copy/Content/UI/Start.uexp" 731
"C:/Users/UPGRK/Documents/Unreal Projects/TopDown2D - Copy/Content/UI/tittle.uasset" 732
"C:/Users/UPGRK/Documents/Unreal Projects/TopDown2D - Copy/Content/UI/tittle.uexp" 733
"C:/Users/UPGRK/Documents/Unreal Projects/TopDown2D - Copy/Content/UI/Mainmenu.uasset" 734
"C:/Users/UPGRK/Documents/Unreal Projects/TopDown2D - Copy/Content/UI/Mainmenu.uexp" 735
"C:/Users/UPGRK/Documents/Unreal Projects/TopDown2D - Copy/Content/UI/Menugamemode.uasset" 736
"C:/Users/UPGRK/Documents/Unreal Projects/TopDown2D - Copy/Content/UI/Menugamemode.uexp" 737
"C:/Users/UPGRK/Documents/Unreal Projects/TopDown2D - Copy/Content/MainMenuSosbud.uexp" 738
"C:/Users/UPGRK/Documents/Unreal Projects/TopDown2D - Copy/Content/MainMenuSosbud.umap" 739
"../../../Engine/Content/Maps/Entry_BuiltData.uasset" 740
"../../../Engine/Content/Maps/Entry_BuiltData.uexp" 741
"../../../Engine/Content/Maps/Entry.uexp" 742
"../../../Engine/Content/Maps/Entry.umap" 743
"C:/Users/UPGRK/Documents/Unreal Projects/TopDown2D - Copy/Content/UI/Signcloseup_1000x1000.uasset" 744
"C:/Users/UPGRK/Documents/Unreal Projects/TopDown2D - Copy/Content/UI/Signcloseup_1000x1000.uexp" 745
"C:/Users/UPGRK/Documents/Unreal Projects/TopDown2D - Copy/Content/UI/Timer.uasset" 746
"C:/Users/UPGRK/Documents/Unreal Projects/TopDown2D - Copy/Content/UI/Timer.uexp" 747
"C:/Users/UPGRK/Documents/Unreal Projects/TopDown2D - Copy/Content/UI/pngwing_com__1_.uasset" 748
"C:/Users/UPGRK/Documents/Unreal Projects/TopDown2D - Copy/Content/UI/pngwing_com__1_.uexp" 749
"C:/Users/UPGRK/Documents/Unreal Projects/TopDown2D - Copy/Content/UI/LevelComplete.uasset" 750
"C:/Users/UPGRK/Documents/Unreal Projects/TopDown2D - Copy/Content/UI/LevelComplete.uexp" 751
"C:/Users/UPGRK/Documents/Unreal Projects/TopDown2D - Copy/Content/Seabgm.uasset" 752
"C:/Users/UPGRK/Documents/Unreal Projects/TopDown2D - Copy/Content/Seabgm.uexp" 753
"C:/Users/UPGRK/Documents/Unreal Projects/TopDown2D - Copy/Content/Map/BG/back_Sprite.uasset" 754
"C:/Users/UPGRK/Documents/Unreal Projects/TopDown2D - Copy/Content/Map/BG/back_Sprite.uexp" 755
"C:/Users/UPGRK/Documents/Unreal Projects/TopDown2D - Copy/Content/UI/y2mate_com-Wind-In-Trees-Sound-Effect-No-Copyright.ubulk" 756
"C:/Users/UPGRK/Documents/Unreal Projects/TopDown2D - Copy/Content/UI/y2mate_com-Wind-In-Trees-Sound-Effect-No-Copyright.uasset" 757
"C:/Users/UPGRK/Documents/Unreal Projects/TopDown2D - Copy/Content/UI/y2mate_com-Wind-In-Trees-Sound-Effect-No-Copyright.uexp" 758
"C:/Users/UPGRK/Documents/Unreal Projects/TopDown2D - Copy/Content/UI/Treess.uasset" 759
"C:/Users/UPGRK/Documents/Unreal Projects/TopDown2D - Copy/Content/UI/Treess.uexp" 760
"C:/Users/UPGRK/Documents/Unreal Projects/TopDown2D - Copy/Content/UI/y2mate_com_-_Bonfire_sound_effect__no_copyright.ubulk" 761
"C:/Users/UPGRK/Documents/Unreal Projects/TopDown2D - Copy/Content/UI/y2mate_com_-_Bonfire_sound_effect__no_copyright.uasset" 762
"C:/Users/UPGRK/Documents/Unreal Projects/TopDown2D - Copy/Content/UI/y2mate_com_-_Bonfire_sound_effect__no_copyright.uexp" 763
"C:/Users/UPGRK/Documents/Unreal Projects/TopDown2D - Copy/Content/UI/Bonfire.uasset" 764
"C:/Users/UPGRK/Documents/Unreal Projects/TopDown2D - Copy/Content/UI/Bonfire.uexp" 765
"C:/Users/UPGRK/Documents/Unreal Projects/TopDown2D - Copy/Content/Map/CarB1.uasset" 766
"C:/Users/UPGRK/Documents/Unreal Projects/TopDown2D - Copy/Content/Map/CarB1.uexp" 767
"C:/Users/UPGRK/Documents/Unreal Projects/TopDown2D - Copy/Content/Map/CarB1_Sprite.uasset" 768
"C:/Users/UPGRK/Documents/Unreal Projects/TopDown2D - Copy/Content/Map/CarB1_Sprite.uexp" 769
"C:/Users/UPGRK/Documents/Unreal Projects/TopDown2D - Copy/Content/Map/Assets/Serene_Village_16x16.uasset" 770
"C:/Users/UPGRK/Documents/Unreal Projects/TopDown2D - Copy/Content/Map/Assets/Serene_Village_16x16.uexp" 771
"C:/Users/UPGRK/Documents/Unreal Projects/TopDown2D - Copy/Content/Map/Tileset/Serene_Village_16x16_TileSet.uasset" 772
"C:/Users/UPGRK/Documents/Unreal Projects/TopDown2D - Copy/Content/Map/Tileset/Serene_Village_16x16_TileSet.uexp" 773
"C:/Users/UPGRK/Documents/Unreal Projects/TopDown2D - Copy/Content/Map/Assets/Beach-and-caves-tileset_by_AxulArt.uasset" 774
"C:/Users/UPGRK/Documents/Unreal Projects/TopDown2D - Copy/Content/Map/Assets/Beach-and-caves-tileset_by_AxulArt.uexp" 775
"C:/Users/UPGRK/Documents/Unreal Projects/TopDown2D - Copy/Content/Map/Tileset/Beach-and-caves-tileset_by_AxulArt_TileSet.uasset" 776
"C:/Users/UPGRK/Documents/Unreal Projects/TopDown2D - Copy/Content/Map/Tileset/Beach-and-caves-tileset_by_AxulArt_TileSet.uexp" 777
"C:/Users/UPGRK/Documents/Unreal Projects/TopDown2D - Copy/Content/Map/BeachUpdate.uasset" 778
"C:/Users/UPGRK/Documents/Unreal Projects/TopDown2D - Copy/Content/Map/BeachUpdate.uexp" 779
"../../../Engine/Plugins/2D/Paper2D/Content/TranslucentUnlitSpriteMaterial.uasset" 780
"../../../Engine/Plugins/2D/Paper2D/Content/TranslucentUnlitSpriteMaterial.uexp" 781
"C:/Users/UPGRK/Documents/Unreal Projects/TopDown2D - Copy/Content/Map/Particle/atmospheric_nature_particles.ubulk" 782
"C:/Users/UPGRK/Documents/Unreal Projects/TopDown2D - Copy/Content/Map/Particle/atmospheric_nature_particles.uasset" 783
"C:/Users/UPGRK/Documents/Unreal Projects/TopDown2D - Copy/Content/Map/Particle/atmospheric_nature_particles.uexp" 784
"C:/Users/UPGRK/Documents/Unreal Projects/TopDown2D - Copy/Content/Map/Particle/atmospheric_nature_particles_Sprite_0.uasset" 785
"C:/Users/UPGRK/Documents/Unreal Projects/TopDown2D - Copy/Content/Map/Particle/atmospheric_nature_particles_Sprite_0.uexp" 786
"C:/Users/UPGRK/Documents/Unreal Projects/TopDown2D - Copy/Content/Map/Particle/atmospheric_nature_particles_Sprite_1.uasset" 787
"C:/Users/UPGRK/Documents/Unreal Projects/TopDown2D - Copy/Content/Map/Particle/atmospheric_nature_particles_Sprite_1.uexp" 788
"C:/Users/UPGRK/Documents/Unreal Projects/TopDown2D - Copy/Content/Map/Particle/atmospheric_nature_particles_Sprite_2.uasset" 789
"C:/Users/UPGRK/Documents/Unreal Projects/TopDown2D - Copy/Content/Map/Particle/atmospheric_nature_particles_Sprite_2.uexp" 790
"C:/Users/UPGRK/Documents/Unreal Projects/TopDown2D - Copy/Content/Map/Particle/atmospheric_nature_particles_Sprite_3.uasset" 791
"C:/Users/UPGRK/Documents/Unreal Projects/TopDown2D - Copy/Content/Map/Particle/atmospheric_nature_particles_Sprite_3.uexp" 792
"C:/Users/UPGRK/Documents/Unreal Projects/TopDown2D - Copy/Content/Map/Particle/atmospheric_nature_particles_Sprite_4.uasset" 793
"C:/Users/UPGRK/Documents/Unreal Projects/TopDown2D - Copy/Content/Map/Particle/atmospheric_nature_particles_Sprite_4.uexp" 794
"C:/Users/UPGRK/Documents/Unreal Projects/TopDown2D - Copy/Content/Map/Particle/atmospheric_nature_particles_Sprite_5.uasset" 795
"C:/Users/UPGRK/Documents/Unreal Projects/TopDown2D - Copy/Content/Map/Particle/atmospheric_nature_particles_Sprite_5.uexp" 796
"C:/Users/UPGRK/Documents/Unreal Projects/TopDown2D - Copy/Content/Map/Particle/atmospheric_nature_particles_Sprite_6.uasset" 797
"C:/Users/UPGRK/Documents/Unreal Projects/TopDown2D - Copy/Content/Map/Particle/atmospheric_nature_particles_Sprite_6.uexp" 798
"C:/Users/UPGRK/Documents/Unreal Projects/TopDown2D - Copy/Content/Map/Particle/atmospheric_nature_particles_Sprite_7.uasset" 799
"C:/Users/UPGRK/Documents/Unreal Projects/TopDown2D - Copy/Content/Map/Particle/atmospheric_nature_particles_Sprite_7.uexp" 800
"C:/Users/UPGRK/Documents/Unreal Projects/TopDown2D - Copy/Content/Map/Particle/atmospheric_nature_particles_Sprite_8.uasset" 801
"C:/Users/UPGRK/Documents/Unreal Projects/TopDown2D - Copy/Content/Map/Particle/atmospheric_nature_particles_Sprite_8.uexp" 802
"C:/Users/UPGRK/Documents/Unreal Projects/TopDown2D - Copy/Content/Map/Particle/atmospheric_nature_particles_Sprite_9.uasset" 803
"C:/Users/UPGRK/Documents/Unreal Projects/TopDown2D - Copy/Content/Map/Particle/atmospheric_nature_particles_Sprite_9.uexp" 804
"C:/Users/UPGRK/Documents/Unreal Projects/TopDown2D - Copy/Content/Map/Particle/atmospheric_nature_particles_Sprite_10.uasset" 805
"C:/Users/UPGRK/Documents/Unreal Projects/TopDown2D - Copy/Content/Map/Particle/atmospheric_nature_particles_Sprite_10.uexp" 806
"C:/Users/UPGRK/Documents/Unreal Projects/TopDown2D - Copy/Content/Map/Particle/atmospheric_nature_particles_Sprite_11.uasset" 807
"C:/Users/UPGRK/Documents/Unreal Projects/TopDown2D - Copy/Content/Map/Particle/atmospheric_nature_particles_Sprite_11.uexp" 808
"C:/Users/UPGRK/Documents/Unreal Projects/TopDown2D - Copy/Content/Map/Particle/atmospheric_nature_particles_Sprite_12.uasset" 809
"C:/Users/UPGRK/Documents/Unreal Projects/TopDown2D - Copy/Content/Map/Particle/atmospheric_nature_particles_Sprite_12.uexp" 810
"C:/Users/UPGRK/Documents/Unreal Projects/TopDown2D - Copy/Content/Map/Particle/atmospheric_nature_particles_Sprite_13.uasset" 811
"C:/Users/UPGRK/Documents/Unreal Projects/TopDown2D - Copy/Content/Map/Particle/atmospheric_nature_particles_Sprite_13.uexp" 812
"C:/Users/UPGRK/Documents/Unreal Projects/TopDown2D - Copy/Content/Map/Particle/atmospheric_nature_particles_Sprite_14.uasset" 813
"C:/Users/UPGRK/Documents/Unreal Projects/TopDown2D - Copy/Content/Map/Particle/atmospheric_nature_particles_Sprite_14.uexp" 814
"C:/Users/UPGRK/Documents/Unreal Projects/TopDown2D - Copy/Content/Map/Particle/atmospheric_nature_particles_Sprite_15.uasset" 815
"C:/Users/UPGRK/Documents/Unreal Projects/TopDown2D - Copy/Content/Map/Particle/atmospheric_nature_particles_Sprite_15.uexp" 816
"C:/Users/UPGRK/Documents/Unreal Projects/TopDown2D - Copy/Content/Map/Particle/Particle.uasset" 817
"C:/Users/UPGRK/Documents/Unreal Projects/TopDown2D - Copy/Content/Map/Particle/Particle.uexp" 818
"C:/Users/UPGRK/Documents/Unreal Projects/TopDown2D - Copy/Content/Map/Fire/__Campfire.uasset" 819
"C:/Users/UPGRK/Documents/Unreal Projects/TopDown2D - Copy/Content/Map/Fire/__Campfire.uexp" 820
"C:/Users/UPGRK/Documents/Unreal Projects/TopDown2D - Copy/Content/Map/Fire/__Campfire_Sprite_0.uasset" 821
"C:/Users/UPGRK/Documents/Unreal Projects/TopDown2D - Copy/Content/Map/Fire/__Campfire_Sprite_0.uexp" 822
"C:/Users/UPGRK/Documents/Unreal Projects/TopDown2D - Copy/Content/Map/Fire/__Campfire_Sprite_1.uasset" 823
"C:/Users/UPGRK/Documents/Unreal Projects/TopDown2D - Copy/Content/Map/Fire/__Campfire_Sprite_1.uexp" 824
"C:/Users/UPGRK/Documents/Unreal Projects/TopDown2D - Copy/Content/Map/Fire/__Campfire_Sprite_2.uasset" 825
"C:/Users/UPGRK/Documents/Unreal Projects/TopDown2D - Copy/Content/Map/Fire/__Campfire_Sprite_2.uexp" 826
"C:/Users/UPGRK/Documents/Unreal Projects/TopDown2D - Copy/Content/Map/Fire/__Campfire_Sprite_3.uasset" 827
"C:/Users/UPGRK/Documents/Unreal Projects/TopDown2D - Copy/Content/Map/Fire/__Campfire_Sprite_3.uexp" 828
"C:/Users/UPGRK/Documents/Unreal Projects/TopDown2D - Copy/Content/Map/Fire/__Campfire_Sprite_4.uasset" 829
"C:/Users/UPGRK/Documents/Unreal Projects/TopDown2D - Copy/Content/Map/Fire/__Campfire_Sprite_4.uexp" 830
"C:/Users/UPGRK/Documents/Unreal Projects/TopDown2D - Copy/Content/Map/Fire/__Campfire_Sprite_5.uasset" 831
"C:/Users/UPGRK/Documents/Unreal Projects/TopDown2D - Copy/Content/Map/Fire/__Campfire_Sprite_5.uexp" 832
"C:/Users/UPGRK/Documents/Unreal Projects/TopDown2D - Copy/Content/Map/Fire/__Campfire_Sprite_6.uasset" 833
"C:/Users/UPGRK/Documents/Unreal Projects/TopDown2D - Copy/Content/Map/Fire/__Campfire_Sprite_6.uexp" 834
"C:/Users/UPGRK/Documents/Unreal Projects/TopDown2D - Copy/Content/Map/Fire/__Campfire_Sprite_7.uasset" 835
"C:/Users/UPGRK/Documents/Unreal Projects/TopDown2D - Copy/Content/Map/Fire/__Campfire_Sprite_7.uexp" 836
"C:/Users/UPGRK/Documents/Unreal Projects/TopDown2D - Copy/Content/Map/Fire/__Campfire_Sprite_8.uasset" 837
"C:/Users/UPGRK/Documents/Unreal Projects/TopDown2D - Copy/Content/Map/Fire/__Campfire_Sprite_8.uexp" 838
"C:/Users/UPGRK/Documents/Unreal Projects/TopDown2D - Copy/Content/Map/Fire/__Campfire_Sprite_9.uasset" 839
"C:/Users/UPGRK/Documents/Unreal Projects/TopDown2D - Copy/Content/Map/Fire/__Campfire_Sprite_9.uexp" 840
"C:/Users/UPGRK/Documents/Unreal Projects/TopDown2D - Copy/Content/Map/Fire/__Campfire_Sprite_10.uasset" 841
"C:/Users/UPGRK/Documents/Unreal Projects/TopDown2D - Copy/Content/Map/Fire/__Campfire_Sprite_10.uexp" 842
"C:/Users/UPGRK/Documents/Unreal Projects/TopDown2D - Copy/Content/Map/Fire/__Campfire_Sprite_11.uasset" 843
"C:/Users/UPGRK/Documents/Unreal Projects/TopDown2D - Copy/Content/Map/Fire/__Campfire_Sprite_11.uexp" 844
"C:/Users/UPGRK/Documents/Unreal Projects/TopDown2D - Copy/Content/Map/Fire/Fire.uasset" 845
"C:/Users/UPGRK/Documents/Unreal Projects/TopDown2D - Copy/Content/Map/Fire/Fire.uexp" 846
"C:/Users/UPGRK/Documents/Unreal Projects/TopDown2D - Copy/Content/TopDownSosbud.uexp" 847
"C:/Users/UPGRK/Documents/Unreal Projects/TopDown2D - Copy/Content/TopDownSosbud.umap" 848
